Fri Mar 17 18:10:17 2023 - INFO  - start to run testcase:oe_test_open-iscsi_iscsiadm.
Fri Mar 17 18:12:23 2023 - ERROR - The case exit by code 1.
Fri Mar 17 18:12:34 2023 - INFO  - End to run testcase:oe_test_open-iscsi_iscsiadm.
Fri Mar 17 18:12:35 2023 - INFO  - A total of 1 use cases were executed, with 0 successes and 1 failures.
Fri Mar 17 18:12:39 2023 - INFO  - start to run testcase:oe_test_open-iscsi_iscsistart_iscsiuio.
Fri Mar 17 18:13:05 2023 - ERROR - The case exit by code 1.
Fri Mar 17 18:13:16 2023 - INFO  - End to run testcase:oe_test_open-iscsi_iscsistart_iscsiuio.
Fri Mar 17 18:13:16 2023 - INFO  - A total of 1 use cases were executed, with 0 successes and 1 failures.
Fri Mar 17 18:13:20 2023 - INFO  - start to run testcase:oe_test_service_iscsid.
Fri Mar 17 18:14:35 2023 - ERROR - The case exit by code 6.
Fri Mar 17 18:14:46 2023 - INFO  - End to run testcase:oe_test_service_iscsid.
Fri Mar 17 18:14:46 2023 - INFO  - A total of 1 use cases were executed, with 0 successes and 1 failures.
Fri Mar 17 18:14:50 2023 - INFO  - start to run testcase:oe_test_service_iscsi.
Fri Mar 17 18:15:25 2023 - ERROR - The case exit by code 3.
Fri Mar 17 18:15:36 2023 - INFO  - End to run testcase:oe_test_service_iscsi.
Fri Mar 17 18:15:36 2023 - INFO  - A total of 1 use cases were executed, with 0 successes and 1 failures.
Fri Mar 17 18:15:40 2023 - INFO  - start to run testcase:oe_test_service_iscsiuio.
Fri Mar 17 18:16:18 2023 - ERROR - The case exit by code 7.
Fri Mar 17 18:16:29 2023 - INFO  - End to run testcase:oe_test_service_iscsiuio.
Fri Mar 17 18:16:29 2023 - INFO  - A total of 1 use cases were executed, with 0 successes and 1 failures.
Fri Mar 17 18:16:33 2023 - INFO  - start to run testcase:oe_test_socket_iscsid.
Fri Mar 17 18:17:16 2023 - INFO  - The case exit by code 0.
Fri Mar 17 18:17:26 2023 - INFO  - End to run testcase:oe_test_socket_iscsid.
Fri Mar 17 18:17:27 2023 - INFO  - A total of 1 use cases were executed, with 1 successes and 0 failures.
Fri Mar 17 18:17:30 2023 - INFO  - start to run testcase:oe_test_socket_iscsiuio.
Fri Mar 17 18:18:08 2023 - ERROR - The case exit by code 7.
Fri Mar 17 18:18:19 2023 - INFO  - End to run testcase:oe_test_socket_iscsiuio.
Fri Mar 17 18:18:19 2023 - INFO  - A total of 1 use cases were executed, with 0 successes and 1 failures.
