Fri Mar 17 16:01:08 2023 - INFO  - start to run testcase:oe_test_memaslap.
Fri Mar 17 16:01:36 2023 - ERROR - The case exit by code 10.
Fri Mar 17 16:01:46 2023 - INFO  - End to run testcase:oe_test_memaslap.
Fri Mar 17 16:01:47 2023 - INFO  - A total of 1 use cases were executed, with 0 successes and 1 failures.
Fri Mar 17 16:01:51 2023 - INFO  - start to run testcase:oe_test_memcapable.
Fri Mar 17 16:02:17 2023 - ERROR - The case exit by code 8.
Fri Mar 17 16:02:28 2023 - INFO  - End to run testcase:oe_test_memcapable.
Fri Mar 17 16:02:28 2023 - INFO  - A total of 1 use cases were executed, with 0 successes and 1 failures.
Fri Mar 17 16:02:32 2023 - INFO  - start to run testcase:oe_test_memcat.
Fri Mar 17 16:02:58 2023 - ERROR - The case exit by code 11.
Fri Mar 17 16:03:09 2023 - INFO  - End to run testcase:oe_test_memcat.
Fri Mar 17 16:03:10 2023 - INFO  - A total of 1 use cases were executed, with 0 successes and 1 failures.
Fri Mar 17 16:03:13 2023 - INFO  - start to run testcase:oe_test_memcp.
Fri Mar 17 16:04:00 2023 - ERROR - The case exit by code 19.
Fri Mar 17 16:04:11 2023 - INFO  - End to run testcase:oe_test_memcp.
Fri Mar 17 16:04:12 2023 - INFO  - A total of 1 use cases were executed, with 0 successes and 1 failures.
Fri Mar 17 16:04:15 2023 - INFO  - start to run testcase:oe_test_memdump-memerror.
Fri Mar 17 16:04:43 2023 - ERROR - The case exit by code 11.
Fri Mar 17 16:04:53 2023 - INFO  - End to run testcase:oe_test_memdump-memerror.
Fri Mar 17 16:04:54 2023 - INFO  - A total of 1 use cases were executed, with 0 successes and 1 failures.
Fri Mar 17 16:04:57 2023 - INFO  - start to run testcase:oe_test_memexist.
Fri Mar 17 16:05:21 2023 - ERROR - The case exit by code 6.
Fri Mar 17 16:05:32 2023 - INFO  - End to run testcase:oe_test_memexist.
Fri Mar 17 16:05:32 2023 - INFO  - A total of 1 use cases were executed, with 0 successes and 1 failures.
Fri Mar 17 16:05:36 2023 - INFO  - start to run testcase:oe_test_memflush.
Fri Mar 17 16:06:01 2023 - ERROR - The case exit by code 8.
Fri Mar 17 16:06:12 2023 - INFO  - End to run testcase:oe_test_memflush.
Fri Mar 17 16:06:12 2023 - INFO  - A total of 1 use cases were executed, with 0 successes and 1 failures.
Fri Mar 17 16:06:16 2023 - INFO  - start to run testcase:oe_test_memping.
Fri Mar 17 16:06:40 2023 - ERROR - The case exit by code 8.
Fri Mar 17 16:06:51 2023 - INFO  - End to run testcase:oe_test_memping.
Fri Mar 17 16:06:51 2023 - INFO  - A total of 1 use cases were executed, with 0 successes and 1 failures.
Fri Mar 17 16:06:55 2023 - INFO  - start to run testcase:oe_test_memrm.
Fri Mar 17 16:07:21 2023 - ERROR - The case exit by code 6.
Fri Mar 17 16:07:32 2023 - INFO  - End to run testcase:oe_test_memrm.
Fri Mar 17 16:07:32 2023 - INFO  - A total of 1 use cases were executed, with 0 successes and 1 failures.
Fri Mar 17 16:07:36 2023 - INFO  - start to run testcase:oe_test_memslap.
Fri Mar 17 16:08:02 2023 - ERROR - The case exit by code 11.
Fri Mar 17 16:08:12 2023 - INFO  - End to run testcase:oe_test_memslap.
Fri Mar 17 16:08:13 2023 - INFO  - A total of 1 use cases were executed, with 0 successes and 1 failures.
Fri Mar 17 16:08:17 2023 - INFO  - start to run testcase:oe_test_memstat.
Fri Mar 17 16:08:42 2023 - ERROR - The case exit by code 9.
Fri Mar 17 16:08:53 2023 - INFO  - End to run testcase:oe_test_memstat.
Fri Mar 17 16:08:53 2023 - INFO  - A total of 1 use cases were executed, with 0 successes and 1 failures.
Fri Mar 17 16:08:57 2023 - INFO  - start to run testcase:oe_test_memtouch.
Fri Mar 17 16:09:39 2023 - ERROR - The case exit by code 7.
Fri Mar 17 16:09:49 2023 - INFO  - End to run testcase:oe_test_memtouch.
Fri Mar 17 16:09:50 2023 - INFO  - A total of 1 use cases were executed, with 0 successes and 1 failures.
