Fri Mar 17 14:43:55 2023 - INFO  - start to run testcase:oe_test_service_import-state.
Fri Mar 17 14:44:28 2023 - ERROR - The case exit by code 7.
Fri Mar 17 14:44:39 2023 - INFO  - End to run testcase:oe_test_service_import-state.
Fri Mar 17 14:44:40 2023 - INFO  - A total of 1 use cases were executed, with 0 successes and 1 failures.
Fri Mar 17 14:44:44 2023 - INFO  - start to run testcase:oe_test_service_loadmodules.
Fri Mar 17 14:45:17 2023 - ERROR - The case exit by code 7.
Fri Mar 17 14:45:27 2023 - INFO  - End to run testcase:oe_test_service_loadmodules.
Fri Mar 17 14:45:28 2023 - INFO  - A total of 1 use cases were executed, with 0 successes and 1 failures.
Fri Mar 17 14:45:31 2023 - INFO  - start to run testcase:oe_test_service_network.
Fri Mar 17 14:46:10 2023 - ERROR - The case exit by code 7.
Fri Mar 17 14:46:20 2023 - INFO  - End to run testcase:oe_test_service_network.
Fri Mar 17 14:46:21 2023 - INFO  - A total of 1 use cases were executed, with 0 successes and 1 failures.
Fri Mar 17 14:46:25 2023 - INFO  - start to run testcase:oe_test_service_netconsole.
Fri Mar 17 14:47:02 2023 - ERROR - The case exit by code 7.
Fri Mar 17 14:47:13 2023 - INFO  - End to run testcase:oe_test_service_netconsole.
Fri Mar 17 14:47:13 2023 - INFO  - A total of 1 use cases were executed, with 0 successes and 1 failures.
Fri Mar 17 14:47:17 2023 - INFO  - start to run testcase:oe_test_service_readonly-root.
Fri Mar 17 14:47:55 2023 - ERROR - The case exit by code 8.
Fri Mar 17 14:48:05 2023 - INFO  - End to run testcase:oe_test_service_readonly-root.
Fri Mar 17 14:48:06 2023 - INFO  - A total of 1 use cases were executed, with 0 successes and 1 failures.
