Fri Mar 17 12:25:55 2023 - INFO  - start to run testcase:oe_test_service_dhcpd6.
Fri Mar 17 12:26:29 2023 - ERROR - The case exit by code 7.
Fri Mar 17 12:26:40 2023 - INFO  - End to run testcase:oe_test_service_dhcpd6.
Fri Mar 17 12:26:41 2023 - INFO  - A total of 1 use cases were executed, with 0 successes and 1 failures.
Fri Mar 17 12:26:45 2023 - INFO  - start to run testcase:oe_test_service_dhcpd.
Fri Mar 17 12:27:19 2023 - ERROR - The case exit by code 7.
Fri Mar 17 12:27:29 2023 - INFO  - End to run testcase:oe_test_service_dhcpd.
Fri Mar 17 12:27:30 2023 - INFO  - A total of 1 use cases were executed, with 0 successes and 1 failures.
Fri Mar 17 12:27:34 2023 - INFO  - start to run testcase:oe_test_service_dhcrelay.
Fri Mar 17 12:28:09 2023 - ERROR - The case exit by code 7.
Fri Mar 17 12:28:20 2023 - INFO  - End to run testcase:oe_test_service_dhcrelay.
Fri Mar 17 12:28:20 2023 - INFO  - A total of 1 use cases were executed, with 0 successes and 1 failures.
Fri Mar 17 12:28:24 2023 - INFO  - start to run testcase:oe_test_allocate_ipv4_addresses_dhcpd.
Fri Mar 17 12:28:50 2023 - ERROR - The case exit by code 4.
Fri Mar 17 12:29:00 2023 - INFO  - End to run testcase:oe_test_allocate_ipv4_addresses_dhcpd.
Fri Mar 17 12:29:01 2023 - INFO  - A total of 1 use cases were executed, with 0 successes and 1 failures.
Fri Mar 17 12:29:05 2023 - INFO  - start to run testcase:oe_test_allocate_ipv6_addresses_dhcpd.
Fri Mar 17 12:29:31 2023 - ERROR - The case exit by code 4.
Fri Mar 17 12:29:42 2023 - INFO  - End to run testcase:oe_test_allocate_ipv6_addresses_dhcpd.
Fri Mar 17 12:29:42 2023 - INFO  - A total of 1 use cases were executed, with 0 successes and 1 failures.
