Fri Mar 17 21:51:30 2023 - INFO  - start to run testcase:oe_test_erb.
Fri Mar 17 21:53:35 2023 - INFO  - The case exit by code 0.
Fri Mar 17 21:53:45 2023 - INFO  - End to run testcase:oe_test_erb.
Fri Mar 17 21:53:46 2023 - INFO  - A total of 1 use cases were executed, with 1 successes and 0 failures.
Fri Mar 17 21:53:49 2023 - INFO  - start to run testcase:oe_test_gem.
Fri Mar 17 21:59:40 2023 - INFO  - The case exit by code 0.
Fri Mar 17 21:59:51 2023 - INFO  - End to run testcase:oe_test_gem.
Fri Mar 17 21:59:51 2023 - INFO  - A total of 1 use cases were executed, with 1 successes and 0 failures.
Fri Mar 17 21:59:55 2023 - INFO  - start to run testcase:oe_test_irb_01.
Fri Mar 17 22:00:38 2023 - ERROR - The case exit by code 2.
Fri Mar 17 22:00:49 2023 - INFO  - End to run testcase:oe_test_irb_01.
Fri Mar 17 22:00:49 2023 - INFO  - A total of 1 use cases were executed, with 0 successes and 1 failures.
Fri Mar 17 22:00:54 2023 - INFO  - start to run testcase:oe_test_irb_02.
Fri Mar 17 22:01:41 2023 - INFO  - The case exit by code 0.
Fri Mar 17 22:01:51 2023 - INFO  - End to run testcase:oe_test_irb_02.
Fri Mar 17 22:01:52 2023 - INFO  - A total of 1 use cases were executed, with 1 successes and 0 failures.
Fri Mar 17 22:01:55 2023 - INFO  - start to run testcase:oe_test_irb_03.
Fri Mar 17 22:03:15 2023 - ERROR - The case exit by code 1.
Fri Mar 17 22:03:26 2023 - INFO  - End to run testcase:oe_test_irb_03.
Fri Mar 17 22:03:26 2023 - INFO  - A total of 1 use cases were executed, with 0 successes and 1 failures.
Fri Mar 17 22:03:30 2023 - INFO  - start to run testcase:oe_test_rake_01.
Fri Mar 17 22:04:08 2023 - INFO  - The case exit by code 0.
Fri Mar 17 22:04:19 2023 - INFO  - End to run testcase:oe_test_rake_01.
Fri Mar 17 22:04:19 2023 - INFO  - A total of 1 use cases were executed, with 1 successes and 0 failures.
Fri Mar 17 22:04:23 2023 - INFO  - start to run testcase:oe_test_rake_02.
Fri Mar 17 22:05:02 2023 - INFO  - The case exit by code 0.
Fri Mar 17 22:05:13 2023 - INFO  - End to run testcase:oe_test_rake_02.
Fri Mar 17 22:05:13 2023 - INFO  - A total of 1 use cases were executed, with 1 successes and 0 failures.
Fri Mar 17 22:05:17 2023 - INFO  - start to run testcase:oe_test_rake_03.
Fri Mar 17 22:05:55 2023 - INFO  - The case exit by code 0.
Fri Mar 17 22:06:06 2023 - INFO  - End to run testcase:oe_test_rake_03.
Fri Mar 17 22:06:07 2023 - INFO  - A total of 1 use cases were executed, with 1 successes and 0 failures.
Fri Mar 17 22:06:10 2023 - INFO  - start to run testcase:oe_test_rdoc_01.
Fri Mar 17 22:07:15 2023 - ERROR - The case exit by code 4.
Fri Mar 17 22:07:26 2023 - INFO  - End to run testcase:oe_test_rdoc_01.
Fri Mar 17 22:07:26 2023 - INFO  - A total of 1 use cases were executed, with 0 successes and 1 failures.
Fri Mar 17 22:07:30 2023 - INFO  - start to run testcase:oe_test_rdoc_02.
Fri Mar 17 22:08:32 2023 - ERROR - The case exit by code 1.
Fri Mar 17 22:08:43 2023 - INFO  - End to run testcase:oe_test_rdoc_02.
Fri Mar 17 22:08:43 2023 - INFO  - A total of 1 use cases were executed, with 0 successes and 1 failures.
Fri Mar 17 22:08:47 2023 - INFO  - start to run testcase:oe_test_ri.
Fri Mar 17 22:09:41 2023 - INFO  - The case exit by code 0.
Fri Mar 17 22:09:51 2023 - INFO  - End to run testcase:oe_test_ri.
Fri Mar 17 22:09:52 2023 - INFO  - A total of 1 use cases were executed, with 1 successes and 0 failures.
Fri Mar 17 22:09:56 2023 - INFO  - start to run testcase:oe_test_ruby.
Fri Mar 17 22:10:28 2023 - ERROR - The case exit by code 1.
Fri Mar 17 22:10:39 2023 - INFO  - End to run testcase:oe_test_ruby.
Fri Mar 17 22:10:39 2023 - INFO  - A total of 1 use cases were executed, with 0 successes and 1 failures.
