Fri Mar 17 14:16:04 2023 - INFO  - start to run testcase:oe_test_service_glusterd.
Fri Mar 17 14:16:43 2023 - ERROR - The case exit by code 7.
Fri Mar 17 14:16:53 2023 - INFO  - End to run testcase:oe_test_service_glusterd.
Fri Mar 17 14:16:54 2023 - INFO  - A total of 1 use cases were executed, with 0 successes and 1 failures.
Fri Mar 17 14:16:58 2023 - INFO  - start to run testcase:oe_test_service_glustereventsd.
Fri Mar 17 14:18:00 2023 - ERROR - The case exit by code 8.
Fri Mar 17 14:18:10 2023 - INFO  - End to run testcase:oe_test_service_glustereventsd.
Fri Mar 17 14:18:11 2023 - INFO  - A total of 1 use cases were executed, with 0 successes and 1 failures.
Fri Mar 17 14:18:15 2023 - INFO  - start to run testcase:oe_test_service_glusterfsd.
Fri Mar 17 14:18:53 2023 - ERROR - The case exit by code 8.
Fri Mar 17 14:19:04 2023 - INFO  - End to run testcase:oe_test_service_glusterfsd.
Fri Mar 17 14:19:04 2023 - INFO  - A total of 1 use cases were executed, with 0 successes and 1 failures.
Fri Mar 17 14:19:08 2023 - INFO  - start to run testcase:oe_test_service_glusterfssharedstorage.
Fri Mar 17 14:19:39 2023 - ERROR - The case exit by code 7.
Fri Mar 17 14:19:50 2023 - INFO  - End to run testcase:oe_test_service_glusterfssharedstorage.
Fri Mar 17 14:19:51 2023 - INFO  - A total of 1 use cases were executed, with 0 successes and 1 failures.
Fri Mar 17 14:19:55 2023 - INFO  - start to run testcase:oe_test_service_gluster-ta-volume.
Fri Mar 17 14:20:34 2023 - ERROR - The case exit by code 7.
Fri Mar 17 14:20:45 2023 - INFO  - End to run testcase:oe_test_service_gluster-ta-volume.
Fri Mar 17 14:20:45 2023 - INFO  - A total of 1 use cases were executed, with 0 successes and 1 failures.
