Fri Mar 17 23:02:59 2023 - INFO  - start to run testcase:oe_test_service_sssd-autofs.
Fri Mar 17 23:03:18 2023 - ERROR - The case exit by code 4.
Fri Mar 17 23:03:29 2023 - INFO  - End to run testcase:oe_test_service_sssd-autofs.
Fri Mar 17 23:03:30 2023 - INFO  - A total of 1 use cases were executed, with 0 successes and 1 failures.
Fri Mar 17 23:03:34 2023 - INFO  - start to run testcase:oe_test_service_sssd-ifp.
Fri Mar 17 23:04:14 2023 - ERROR - The case exit by code 7.
Fri Mar 17 23:04:25 2023 - INFO  - End to run testcase:oe_test_service_sssd-ifp.
Fri Mar 17 23:04:25 2023 - INFO  - A total of 1 use cases were executed, with 0 successes and 1 failures.
Fri Mar 17 23:04:29 2023 - INFO  - start to run testcase:oe_test_service_sssd-kcm.
Fri Mar 17 23:05:09 2023 - ERROR - The case exit by code 7.
Fri Mar 17 23:05:20 2023 - INFO  - End to run testcase:oe_test_service_sssd-kcm.
Fri Mar 17 23:05:20 2023 - INFO  - A total of 1 use cases were executed, with 0 successes and 1 failures.
Fri Mar 17 23:05:24 2023 - INFO  - start to run testcase:oe_test_service_sssd-nss.
Fri Mar 17 23:05:42 2023 - ERROR - The case exit by code 4.
Fri Mar 17 23:05:53 2023 - INFO  - End to run testcase:oe_test_service_sssd-nss.
Fri Mar 17 23:05:54 2023 - INFO  - A total of 1 use cases were executed, with 0 successes and 1 failures.
Fri Mar 17 23:05:57 2023 - INFO  - start to run testcase:oe_test_service_sssd-pac.
Fri Mar 17 23:06:17 2023 - ERROR - The case exit by code 4.
Fri Mar 17 23:06:27 2023 - INFO  - End to run testcase:oe_test_service_sssd-pac.
Fri Mar 17 23:06:28 2023 - INFO  - A total of 1 use cases were executed, with 0 successes and 1 failures.
Fri Mar 17 23:06:32 2023 - INFO  - start to run testcase:oe_test_service_sssd-pam.
Fri Mar 17 23:06:50 2023 - ERROR - The case exit by code 4.
Fri Mar 17 23:07:01 2023 - INFO  - End to run testcase:oe_test_service_sssd-pam.
Fri Mar 17 23:07:02 2023 - INFO  - A total of 1 use cases were executed, with 0 successes and 1 failures.
Fri Mar 17 23:07:05 2023 - INFO  - start to run testcase:oe_test_service_sssd.
Fri Mar 17 23:07:47 2023 - ERROR - The case exit by code 7.
Fri Mar 17 23:07:58 2023 - INFO  - End to run testcase:oe_test_service_sssd.
Fri Mar 17 23:07:58 2023 - INFO  - A total of 1 use cases were executed, with 0 successes and 1 failures.
Fri Mar 17 23:08:02 2023 - INFO  - start to run testcase:oe_test_service_sssd-ssh.
Fri Mar 17 23:08:20 2023 - ERROR - The case exit by code 4.
Fri Mar 17 23:08:31 2023 - INFO  - End to run testcase:oe_test_service_sssd-ssh.
Fri Mar 17 23:08:31 2023 - INFO  - A total of 1 use cases were executed, with 0 successes and 1 failures.
Fri Mar 17 23:08:35 2023 - INFO  - start to run testcase:oe_test_service_sssd-sudo.
Fri Mar 17 23:08:53 2023 - ERROR - The case exit by code 4.
Fri Mar 17 23:09:03 2023 - INFO  - End to run testcase:oe_test_service_sssd-sudo.
Fri Mar 17 23:09:04 2023 - INFO  - A total of 1 use cases were executed, with 0 successes and 1 failures.
Fri Mar 17 23:09:08 2023 - INFO  - start to run testcase:oe_test_socket_sssd-autofs.
Fri Mar 17 23:09:48 2023 - ERROR - The case exit by code 7.
Fri Mar 17 23:09:59 2023 - INFO  - End to run testcase:oe_test_socket_sssd-autofs.
Fri Mar 17 23:09:59 2023 - INFO  - A total of 1 use cases were executed, with 0 successes and 1 failures.
Fri Mar 17 23:10:03 2023 - INFO  - start to run testcase:oe_test_socket_sssd-kcm.
Fri Mar 17 23:10:43 2023 - ERROR - The case exit by code 7.
Fri Mar 17 23:10:54 2023 - INFO  - End to run testcase:oe_test_socket_sssd-kcm.
Fri Mar 17 23:10:54 2023 - INFO  - A total of 1 use cases were executed, with 0 successes and 1 failures.
Fri Mar 17 23:10:58 2023 - INFO  - start to run testcase:oe_test_socket_sssd-nss.
Fri Mar 17 23:11:13 2023 - INFO  - The case exit by code 0.
Fri Mar 17 23:11:23 2023 - INFO  - End to run testcase:oe_test_socket_sssd-nss.
Fri Mar 17 23:11:24 2023 - INFO  - A total of 1 use cases were executed, with 1 successes and 0 failures.
Fri Mar 17 23:11:27 2023 - INFO  - start to run testcase:oe_test_socket_sssd-pac.
Fri Mar 17 23:12:07 2023 - ERROR - The case exit by code 7.
Fri Mar 17 23:12:18 2023 - INFO  - End to run testcase:oe_test_socket_sssd-pac.
Fri Mar 17 23:12:18 2023 - INFO  - A total of 1 use cases were executed, with 0 successes and 1 failures.
Fri Mar 17 23:12:22 2023 - INFO  - start to run testcase:oe_test_socket_sssd-pam-priv.
Fri Mar 17 23:12:37 2023 - INFO  - The case exit by code 0.
Fri Mar 17 23:12:47 2023 - INFO  - End to run testcase:oe_test_socket_sssd-pam-priv.
Fri Mar 17 23:12:48 2023 - INFO  - A total of 1 use cases were executed, with 1 successes and 0 failures.
Fri Mar 17 23:12:51 2023 - INFO  - start to run testcase:oe_test_socket_sssd-pam.
Fri Mar 17 23:13:32 2023 - ERROR - The case exit by code 7.
Fri Mar 17 23:13:43 2023 - INFO  - End to run testcase:oe_test_socket_sssd-pam.
Fri Mar 17 23:13:43 2023 - INFO  - A total of 1 use cases were executed, with 0 successes and 1 failures.
Fri Mar 17 23:13:47 2023 - INFO  - start to run testcase:oe_test_socket_sssd-ssh.
Fri Mar 17 23:14:27 2023 - ERROR - The case exit by code 7.
Fri Mar 17 23:14:38 2023 - INFO  - End to run testcase:oe_test_socket_sssd-ssh.
Fri Mar 17 23:14:39 2023 - INFO  - A total of 1 use cases were executed, with 0 successes and 1 failures.
Fri Mar 17 23:14:42 2023 - INFO  - start to run testcase:oe_test_socket_sssd-sudo.
Fri Mar 17 23:15:23 2023 - ERROR - The case exit by code 7.
Fri Mar 17 23:15:34 2023 - INFO  - End to run testcase:oe_test_socket_sssd-sudo.
Fri Mar 17 23:15:35 2023 - INFO  - A total of 1 use cases were executed, with 0 successes and 1 failures.
