Fri Mar 17 23:47:22 2023 - INFO  - start to run testcase:oe_test_tidy_file_manipulation.
Fri Mar 17 23:48:15 2023 - INFO  - The case exit by code 0.
Fri Mar 17 23:48:26 2023 - INFO  - End to run testcase:oe_test_tidy_file_manipulation.
Fri Mar 17 23:48:26 2023 - INFO  - A total of 1 use cases were executed, with 1 successes and 0 failures.
Fri Mar 17 23:48:30 2023 - INFO  - start to run testcase:oe_test_tidy_processing_directives.
Fri Mar 17 23:49:23 2023 - ERROR - The case exit by code 1.
Fri Mar 17 23:49:34 2023 - INFO  - End to run testcase:oe_test_tidy_processing_directives.
Fri Mar 17 23:49:34 2023 - INFO  - A total of 1 use cases were executed, with 0 successes and 1 failures.
Fri Mar 17 23:49:38 2023 - INFO  - start to run testcase:oe_test_tidy_character_encodings.
Fri Mar 17 23:50:50 2023 - ERROR - The case exit by code 1.
Fri Mar 17 23:51:01 2023 - INFO  - End to run testcase:oe_test_tidy_character_encodings.
Fri Mar 17 23:51:02 2023 - INFO  - A total of 1 use cases were executed, with 0 successes and 1 failures.
Fri Mar 17 23:51:05 2023 - INFO  - start to run testcase:oe_test_tidy_miscellaneous.
Fri Mar 17 23:51:51 2023 - INFO  - The case exit by code 0.
Fri Mar 17 23:52:02 2023 - INFO  - End to run testcase:oe_test_tidy_miscellaneous.
Fri Mar 17 23:52:02 2023 - INFO  - A total of 1 use cases were executed, with 1 successes and 0 failures.
Fri Mar 17 23:52:06 2023 - INFO  - start to run testcase:oe_test_tidy_xml.
Fri Mar 17 23:52:52 2023 - INFO  - The case exit by code 0.
Fri Mar 17 23:53:03 2023 - INFO  - End to run testcase:oe_test_tidy_xml.
Fri Mar 17 23:53:03 2023 - INFO  - A total of 1 use cases were executed, with 1 successes and 0 failures.
Fri Mar 17 23:53:07 2023 - INFO  - start to run testcase:oe_test_tidy_document_display_options.
Fri Mar 17 23:53:56 2023 - INFO  - The case exit by code 0.
Fri Mar 17 23:54:07 2023 - INFO  - End to run testcase:oe_test_tidy_document_display_options.
Fri Mar 17 23:54:07 2023 - INFO  - A total of 1 use cases were executed, with 1 successes and 0 failures.
Fri Mar 17 23:54:11 2023 - INFO  - start to run testcase:oe_test_tidy_document_in_and_out_options.
Fri Mar 17 23:54:59 2023 - INFO  - The case exit by code 0.
Fri Mar 17 23:55:09 2023 - INFO  - End to run testcase:oe_test_tidy_document_in_and_out_options.
Fri Mar 17 23:55:10 2023 - INFO  - A total of 1 use cases were executed, with 1 successes and 0 failures.
Fri Mar 17 23:55:14 2023 - INFO  - start to run testcase:oe_test_tidy_file_input-output_options.
Fri Mar 17 23:56:01 2023 - INFO  - The case exit by code 0.
Fri Mar 17 23:56:11 2023 - INFO  - End to run testcase:oe_test_tidy_file_input-output_options.
Fri Mar 17 23:56:12 2023 - INFO  - A total of 1 use cases were executed, with 1 successes and 0 failures.
Fri Mar 17 23:56:15 2023 - INFO  - start to run testcase:oe_test_tidy_diagnostics_options.
Fri Mar 17 23:57:00 2023 - INFO  - The case exit by code 0.
Fri Mar 17 23:57:11 2023 - INFO  - End to run testcase:oe_test_tidy_diagnostics_options.
Fri Mar 17 23:57:11 2023 - INFO  - A total of 1 use cases were executed, with 1 successes and 0 failures.
Fri Mar 17 23:57:15 2023 - INFO  - start to run testcase:oe_test_tidy_encoding_options.
Fri Mar 17 23:58:02 2023 - INFO  - The case exit by code 0.
Fri Mar 17 23:58:13 2023 - INFO  - End to run testcase:oe_test_tidy_encoding_options.
Fri Mar 17 23:58:13 2023 - INFO  - A total of 1 use cases were executed, with 1 successes and 0 failures.
Fri Mar 17 23:58:17 2023 - INFO  - start to run testcase:oe_test_tidy_cleanup_options.
Fri Mar 17 23:59:04 2023 - INFO  - The case exit by code 0.
Fri Mar 17 23:59:15 2023 - INFO  - End to run testcase:oe_test_tidy_cleanup_options.
Fri Mar 17 23:59:15 2023 - INFO  - A total of 1 use cases were executed, with 1 successes and 0 failures.
Fri Mar 17 23:59:19 2023 - INFO  - start to run testcase:oe_test_tidy_entities_options.
Sat Mar 18 00:00:26 2023 - INFO  - The case exit by code 0.
Sat Mar 18 00:00:37 2023 - INFO  - End to run testcase:oe_test_tidy_entities_options.
Sat Mar 18 00:00:37 2023 - INFO  - A total of 1 use cases were executed, with 1 successes and 0 failures.
Sat Mar 18 00:00:41 2023 - INFO  - start to run testcase:oe_test_tidy_repair_options.
Sat Mar 18 00:01:30 2023 - INFO  - The case exit by code 0.
Sat Mar 18 00:01:41 2023 - INFO  - End to run testcase:oe_test_tidy_repair_options.
Sat Mar 18 00:01:42 2023 - INFO  - A total of 1 use cases were executed, with 1 successes and 0 failures.
Sat Mar 18 00:01:45 2023 - INFO  - start to run testcase:oe_test_tidy_transformation_options.
Sat Mar 18 00:02:33 2023 - INFO  - The case exit by code 0.
Sat Mar 18 00:02:44 2023 - INFO  - End to run testcase:oe_test_tidy_transformation_options.
Sat Mar 18 00:02:44 2023 - INFO  - A total of 1 use cases were executed, with 1 successes and 0 failures.
Sat Mar 18 00:02:48 2023 - INFO  - start to run testcase:oe_test_tidy_teaching_tidy_options.
Sat Mar 18 00:03:36 2023 - INFO  - The case exit by code 0.
Sat Mar 18 00:03:48 2023 - INFO  - End to run testcase:oe_test_tidy_teaching_tidy_options.
Sat Mar 18 00:03:48 2023 - INFO  - A total of 1 use cases were executed, with 1 successes and 0 failures.
Sat Mar 18 00:03:51 2023 - INFO  - start to run testcase:oe_test_tidy_pretty_print_options.
Sat Mar 18 00:04:40 2023 - INFO  - The case exit by code 0.
Sat Mar 18 00:04:50 2023 - INFO  - End to run testcase:oe_test_tidy_pretty_print_options.
Sat Mar 18 00:04:51 2023 - INFO  - A total of 1 use cases were executed, with 1 successes and 0 failures.
