Fri Mar 17 18:57:37 2023 - INFO  - start to run testcase:oe_test_osc_01.
Fri Mar 17 18:57:54 2023 - ERROR - The case exit by code 7.
Fri Mar 17 18:58:05 2023 - INFO  - End to run testcase:oe_test_osc_01.
Fri Mar 17 18:58:05 2023 - INFO  - A total of 1 use cases were executed, with 0 successes and 1 failures.
Fri Mar 17 18:58:09 2023 - INFO  - start to run testcase:oe_test_osc_02.
Fri Mar 17 18:58:19 2023 - ERROR - The case exit by code 1.
Fri Mar 17 18:58:30 2023 - INFO  - End to run testcase:oe_test_osc_02.
Fri Mar 17 18:58:30 2023 - INFO  - A total of 1 use cases were executed, with 0 successes and 1 failures.
Fri Mar 17 18:58:34 2023 - INFO  - start to run testcase:oe_test_osc_03.
Fri Mar 17 18:58:44 2023 - ERROR - The case exit by code 1.
Fri Mar 17 18:58:54 2023 - INFO  - End to run testcase:oe_test_osc_03.
Fri Mar 17 18:58:55 2023 - INFO  - A total of 1 use cases were executed, with 0 successes and 1 failures.
Fri Mar 17 18:58:59 2023 - INFO  - start to run testcase:oe_test_osc_04.
Fri Mar 17 18:59:09 2023 - ERROR - The case exit by code 1.
Fri Mar 17 18:59:19 2023 - INFO  - End to run testcase:oe_test_osc_04.
Fri Mar 17 18:59:20 2023 - INFO  - A total of 1 use cases were executed, with 0 successes and 1 failures.
Fri Mar 17 18:59:24 2023 - INFO  - start to run testcase:oe_test_osc_05.
Fri Mar 17 18:59:33 2023 - ERROR - The case exit by code 1.
Fri Mar 17 18:59:44 2023 - INFO  - End to run testcase:oe_test_osc_05.
Fri Mar 17 18:59:44 2023 - INFO  - A total of 1 use cases were executed, with 0 successes and 1 failures.
Fri Mar 17 18:59:48 2023 - INFO  - start to run testcase:oe_test_osc_06.
Fri Mar 17 18:59:58 2023 - ERROR - The case exit by code 1.
Fri Mar 17 19:00:09 2023 - INFO  - End to run testcase:oe_test_osc_06.
Fri Mar 17 19:00:09 2023 - INFO  - A total of 1 use cases were executed, with 0 successes and 1 failures.
Fri Mar 17 19:00:13 2023 - INFO  - start to run testcase:oe_test_osc_07.
Fri Mar 17 19:00:23 2023 - ERROR - The case exit by code 1.
Fri Mar 17 19:00:34 2023 - INFO  - End to run testcase:oe_test_osc_07.
Fri Mar 17 19:00:34 2023 - INFO  - A total of 1 use cases were executed, with 0 successes and 1 failures.
Fri Mar 17 19:00:38 2023 - INFO  - start to run testcase:oe_test_osc_build.
Fri Mar 17 19:00:49 2023 - ERROR - The case exit by code 1.
Fri Mar 17 19:01:00 2023 - INFO  - End to run testcase:oe_test_osc_build.
Fri Mar 17 19:01:00 2023 - INFO  - A total of 1 use cases were executed, with 0 successes and 1 failures.
