Fri Mar 17 13:27:12 2023 - INFO  - start to run testcase:oe_test_service_etcd.
Fri Mar 17 13:27:55 2023 - ERROR - The case exit by code 7.
Fri Mar 17 13:28:06 2023 - INFO  - End to run testcase:oe_test_service_etcd.
Fri Mar 17 13:28:06 2023 - INFO  - A total of 1 use cases were executed, with 0 successes and 1 failures.
Fri Mar 17 13:28:10 2023 - INFO  - start to run testcase:oe_test_etcd_01.
Fri Mar 17 13:28:35 2023 - ERROR - The case exit by code 10.
Fri Mar 17 13:28:46 2023 - INFO  - End to run testcase:oe_test_etcd_01.
Fri Mar 17 13:28:47 2023 - INFO  - A total of 1 use cases were executed, with 0 successes and 1 failures.
Fri Mar 17 13:28:50 2023 - INFO  - start to run testcase:oe_test_etcd_02.
Fri Mar 17 13:29:16 2023 - ERROR - The case exit by code 11.
Fri Mar 17 13:29:27 2023 - INFO  - End to run testcase:oe_test_etcd_02.
Fri Mar 17 13:29:27 2023 - INFO  - A total of 1 use cases were executed, with 0 successes and 1 failures.
Fri Mar 17 13:29:31 2023 - INFO  - start to run testcase:oe_test_etcd_03.
Fri Mar 17 13:30:01 2023 - ERROR - The case exit by code 14.
Fri Mar 17 13:30:12 2023 - INFO  - End to run testcase:oe_test_etcd_03.
Fri Mar 17 13:30:13 2023 - INFO  - A total of 1 use cases were executed, with 0 successes and 1 failures.
Fri Mar 17 13:30:17 2023 - INFO  - start to run testcase:oe_test_etcd_04.
Fri Mar 17 13:30:53 2023 - ERROR - The case exit by code 8.
Fri Mar 17 13:31:03 2023 - INFO  - End to run testcase:oe_test_etcd_04.
Fri Mar 17 13:31:04 2023 - INFO  - A total of 1 use cases were executed, with 0 successes and 1 failures.
Fri Mar 17 13:31:07 2023 - INFO  - start to run testcase:oe_test_etcd_05.
Fri Mar 17 13:31:30 2023 - ERROR - The case exit by code 7.
Fri Mar 17 13:31:41 2023 - INFO  - End to run testcase:oe_test_etcd_05.
Fri Mar 17 13:31:41 2023 - INFO  - A total of 1 use cases were executed, with 0 successes and 1 failures.
