Fri Mar 17 12:36:44 2023 - INFO  - start to run testcase:oe_test_dnf_alias.
Fri Mar 17 12:37:15 2023 - ERROR - The case exit by code 5.
Fri Mar 17 12:37:26 2023 - INFO  - End to run testcase:oe_test_dnf_alias.
Fri Mar 17 12:37:26 2023 - INFO  - A total of 1 use cases were executed, with 0 successes and 1 failures.
Fri Mar 17 12:37:30 2023 - INFO  - start to run testcase:oe_test_dnf_all-repos.
Fri Mar 17 12:37:40 2023 - ERROR - The case exit by code 5.
Fri Mar 17 12:37:51 2023 - INFO  - End to run testcase:oe_test_dnf_all-repos.
Fri Mar 17 12:37:52 2023 - INFO  - A total of 1 use cases were executed, with 0 successes and 1 failures.
Fri Mar 17 12:37:56 2023 - INFO  - start to run testcase:oe_test_dnf_assumeno_autoremove.
Fri Mar 17 12:38:17 2023 - ERROR - The case exit by code 9.
Fri Mar 17 12:38:28 2023 - INFO  - End to run testcase:oe_test_dnf_assumeno_autoremove.
Fri Mar 17 12:38:28 2023 - INFO  - A total of 1 use cases were executed, with 0 successes and 1 failures.
Fri Mar 17 12:38:32 2023 - INFO  - start to run testcase:oe_test_dnf_automatic.
Fri Mar 17 12:38:56 2023 - ERROR - The case exit by code 18.
Fri Mar 17 12:39:07 2023 - INFO  - End to run testcase:oe_test_dnf_automatic.
Fri Mar 17 12:39:07 2023 - INFO  - A total of 1 use cases were executed, with 0 successes and 1 failures.
Fri Mar 17 12:39:11 2023 - INFO  - start to run testcase:oe_test_dnf_check_diffenert-packages.
Fri Mar 17 12:39:48 2023 - ERROR - The case exit by code 9.
Fri Mar 17 12:39:59 2023 - INFO  - End to run testcase:oe_test_dnf_check_diffenert-packages.
Fri Mar 17 12:39:59 2023 - INFO  - A total of 1 use cases were executed, with 0 successes and 1 failures.
Fri Mar 17 12:40:03 2023 - INFO  - start to run testcase:oe_test_dnf_makecache_clean.
Fri Mar 17 12:40:17 2023 - ERROR - The case exit by code 10.
Fri Mar 17 12:40:28 2023 - INFO  - End to run testcase:oe_test_dnf_makecache_clean.
Fri Mar 17 12:40:28 2023 - INFO  - A total of 1 use cases were executed, with 0 successes and 1 failures.
Fri Mar 17 12:40:32 2023 - INFO  - start to run testcase:oe_test_dnf_distro-sync_dnf-3.
Fri Mar 17 12:41:18 2023 - ERROR - The case exit by code 7.
Fri Mar 17 12:41:28 2023 - INFO  - End to run testcase:oe_test_dnf_distro-sync_dnf-3.
Fri Mar 17 12:41:29 2023 - INFO  - A total of 1 use cases were executed, with 0 successes and 1 failures.
Fri Mar 17 12:41:32 2023 - INFO  - start to run testcase:oe_test_dnf_enabled_enablerepo.
Fri Mar 17 12:41:43 2023 - ERROR - The case exit by code 6.
Fri Mar 17 12:41:54 2023 - INFO  - End to run testcase:oe_test_dnf_enabled_enablerepo.
Fri Mar 17 12:41:55 2023 - INFO  - A total of 1 use cases were executed, with 0 successes and 1 failures.
Fri Mar 17 12:41:59 2023 - INFO  - start to run testcase:oe_test_service_dnf-automatic-download.
Fri Mar 17 12:42:12 2023 - INFO  - The case exit by code 0.
Fri Mar 17 12:42:23 2023 - INFO  - End to run testcase:oe_test_service_dnf-automatic-download.
Fri Mar 17 12:42:23 2023 - INFO  - A total of 1 use cases were executed, with 1 successes and 0 failures.
Fri Mar 17 12:42:27 2023 - INFO  - start to run testcase:oe_test_service_dnf-automatic-install.
Fri Mar 17 12:42:38 2023 - INFO  - The case exit by code 0.
Fri Mar 17 12:42:49 2023 - INFO  - End to run testcase:oe_test_service_dnf-automatic-install.
Fri Mar 17 12:42:50 2023 - INFO  - A total of 1 use cases were executed, with 1 successes and 0 failures.
Fri Mar 17 12:42:53 2023 - INFO  - start to run testcase:oe_test_service_dnf-automatic-notifyonly.
Fri Mar 17 12:43:05 2023 - INFO  - The case exit by code 0.
Fri Mar 17 12:43:16 2023 - INFO  - End to run testcase:oe_test_service_dnf-automatic-notifyonly.
Fri Mar 17 12:43:16 2023 - INFO  - A total of 1 use cases were executed, with 1 successes and 0 failures.
Fri Mar 17 12:43:20 2023 - INFO  - start to run testcase:oe_test_service_dnf-automatic.
Fri Mar 17 12:43:32 2023 - INFO  - The case exit by code 0.
Fri Mar 17 12:43:43 2023 - INFO  - End to run testcase:oe_test_service_dnf-automatic.
Fri Mar 17 12:43:43 2023 - INFO  - A total of 1 use cases were executed, with 1 successes and 0 failures.
Fri Mar 17 12:43:47 2023 - INFO  - start to run testcase:oe_test_service_dnf-makecache.
Fri Mar 17 12:43:54 2023 - INFO  - The case exit by code 0.
Fri Mar 17 12:44:05 2023 - INFO  - End to run testcase:oe_test_service_dnf-makecache.
Fri Mar 17 12:44:06 2023 - INFO  - A total of 1 use cases were executed, with 1 successes and 0 failures.
Fri Mar 17 12:44:09 2023 - INFO  - start to run testcase:oe_test_dnf_enhancement_exclude.
Fri Mar 17 12:44:24 2023 - ERROR - The case exit by code 7.
Fri Mar 17 12:44:35 2023 - INFO  - End to run testcase:oe_test_dnf_enhancement_exclude.
Fri Mar 17 12:44:35 2023 - INFO  - A total of 1 use cases were executed, with 0 successes and 1 failures.
Fri Mar 17 12:44:39 2023 - INFO  - start to run testcase:oe_test_dnf_help_history_info.
Fri Mar 17 12:45:27 2023 - ERROR - The case exit by code 6.
Fri Mar 17 12:45:38 2023 - INFO  - End to run testcase:oe_test_dnf_help_history_info.
Fri Mar 17 12:45:38 2023 - INFO  - A total of 1 use cases were executed, with 0 successes and 1 failures.
Fri Mar 17 12:45:42 2023 - INFO  - start to run testcase:oe_test_dnf_list_mark.
Fri Mar 17 12:46:16 2023 - ERROR - The case exit by code 13.
Fri Mar 17 12:46:27 2023 - INFO  - End to run testcase:oe_test_dnf_list_mark.
Fri Mar 17 12:46:27 2023 - INFO  - A total of 1 use cases were executed, with 0 successes and 1 failures.
Fri Mar 17 12:46:31 2023 - INFO  - start to run testcase:oe_test_dnf_nobest_nodocs_nogpgcheck.
Fri Mar 17 12:47:15 2023 - ERROR - The case exit by code 5.
Fri Mar 17 12:47:26 2023 - INFO  - End to run testcase:oe_test_dnf_nobest_nodocs_nogpgcheck.
Fri Mar 17 12:47:26 2023 - INFO  - A total of 1 use cases were executed, with 0 successes and 1 failures.
Fri Mar 17 12:47:31 2023 - INFO  - start to run testcase:oe_test_dnf_priority.
Fri Mar 17 12:47:40 2023 - ERROR - The case exit by code 2.
Fri Mar 17 12:47:51 2023 - INFO  - End to run testcase:oe_test_dnf_priority.
Fri Mar 17 12:47:51 2023 - INFO  - A total of 1 use cases were executed, with 0 successes and 1 failures.
Fri Mar 17 12:47:55 2023 - INFO  - start to run testcase:oe_test_dnf_provides_randomwait.
Fri Mar 17 12:48:51 2023 - ERROR - The case exit by code 4.
Fri Mar 17 12:49:02 2023 - INFO  - End to run testcase:oe_test_dnf_provides_randomwait.
Fri Mar 17 12:49:03 2023 - INFO  - A total of 1 use cases were executed, with 0 successes and 1 failures.
Fri Mar 17 12:49:06 2023 - INFO  - start to run testcase:oe_test_dnf_reinstall_repoinfo.
Fri Mar 17 12:49:57 2023 - ERROR - The case exit by code 15.
Fri Mar 17 12:50:07 2023 - INFO  - End to run testcase:oe_test_dnf_reinstall_repoinfo.
Fri Mar 17 12:50:08 2023 - INFO  - A total of 1 use cases were executed, with 0 successes and 1 failures.
Fri Mar 17 12:50:12 2023 - INFO  - start to run testcase:oe_test_dnf_repeat-install.
Fri Mar 17 12:51:55 2023 - ERROR - The case exit by code 100.
Fri Mar 17 12:52:05 2023 - INFO  - End to run testcase:oe_test_dnf_repeat-install.
Fri Mar 17 12:52:06 2023 - INFO  - A total of 1 use cases were executed, with 0 successes and 1 failures.
Fri Mar 17 12:52:10 2023 - INFO  - start to run testcase:oe_test_dnf_repeat-upgrade-downgrade.
Fri Mar 17 13:22:11 2023 - WARN  - The case execution timeout.
Fri Mar 17 13:22:12 2023 - ERROR - The case exit by code 143.
Fri Mar 17 13:22:22 2023 - INFO  - End to run testcase:oe_test_dnf_repeat-upgrade-downgrade.
Fri Mar 17 13:22:23 2023 - INFO  - A total of 1 use cases were executed, with 0 successes and 1 failures.
