Fri Mar 17 20:14:37 2023 - INFO  - start to run testcase:oe_test_qt5-qttools_lconvert-qt5.
Fri Mar 17 20:15:03 2023 - ERROR - The case exit by code 23.
Fri Mar 17 20:15:14 2023 - INFO  - End to run testcase:oe_test_qt5-qttools_lconvert-qt5.
Fri Mar 17 20:15:14 2023 - INFO  - A total of 1 use cases were executed, with 0 successes and 1 failures.
Fri Mar 17 20:15:18 2023 - INFO  - start to run testcase:oe_test_qt5-qttools_lrelease-qt5.
Fri Mar 17 20:15:33 2023 - ERROR - The case exit by code 8.
Fri Mar 17 20:15:44 2023 - INFO  - End to run testcase:oe_test_qt5-qttools_lrelease-qt5.
Fri Mar 17 20:15:44 2023 - INFO  - A total of 1 use cases were executed, with 0 successes and 1 failures.
Fri Mar 17 20:15:48 2023 - INFO  - start to run testcase:oe_test_qt5-qttools_lupdate-qt5_01.
Fri Mar 17 20:16:06 2023 - ERROR - The case exit by code 11.
Fri Mar 17 20:16:17 2023 - INFO  - End to run testcase:oe_test_qt5-qttools_lupdate-qt5_01.
Fri Mar 17 20:16:17 2023 - INFO  - A total of 1 use cases were executed, with 0 successes and 1 failures.
Fri Mar 17 20:16:21 2023 - INFO  - start to run testcase:oe_test_qt5-qttools_lupdate-qt5_02.
Fri Mar 17 20:16:42 2023 - ERROR - The case exit by code 18.
Fri Mar 17 20:16:52 2023 - INFO  - End to run testcase:oe_test_qt5-qttools_lupdate-qt5_02.
Fri Mar 17 20:16:53 2023 - INFO  - A total of 1 use cases were executed, with 0 successes and 1 failures.
Fri Mar 17 20:16:57 2023 - INFO  - start to run testcase:oe_test_qt5-qttools_qdbus-qt5.
Fri Mar 17 20:17:09 2023 - ERROR - The case exit by code 3.
Fri Mar 17 20:17:20 2023 - INFO  - End to run testcase:oe_test_qt5-qttools_qdbus-qt5.
Fri Mar 17 20:17:21 2023 - INFO  - A total of 1 use cases were executed, with 0 successes and 1 failures.
Fri Mar 17 20:17:25 2023 - INFO  - start to run testcase:oe_test_qt5-qttools_qdoc_01.
Fri Mar 17 20:17:44 2023 - ERROR - The case exit by code 15.
Fri Mar 17 20:17:54 2023 - INFO  - End to run testcase:oe_test_qt5-qttools_qdoc_01.
Fri Mar 17 20:17:55 2023 - INFO  - A total of 1 use cases were executed, with 0 successes and 1 failures.
Fri Mar 17 20:17:59 2023 - INFO  - start to run testcase:oe_test_qt5-qttools_qdoc_02.
Fri Mar 17 20:18:17 2023 - ERROR - The case exit by code 14.
Fri Mar 17 20:18:28 2023 - INFO  - End to run testcase:oe_test_qt5-qttools_qdoc_02.
Fri Mar 17 20:18:29 2023 - INFO  - A total of 1 use cases were executed, with 0 successes and 1 failures.
Fri Mar 17 20:18:32 2023 - INFO  - start to run testcase:oe_test_qt5-qttools_qdoc_03.
Fri Mar 17 20:18:48 2023 - ERROR - The case exit by code 9.
Fri Mar 17 20:18:59 2023 - INFO  - End to run testcase:oe_test_qt5-qttools_qdoc_03.
Fri Mar 17 20:18:59 2023 - INFO  - A total of 1 use cases were executed, with 0 successes and 1 failures.
Fri Mar 17 20:19:03 2023 - INFO  - start to run testcase:oe_test_qt5-qttools_qhelpgenerator-qt5.
Fri Mar 17 20:19:17 2023 - ERROR - The case exit by code 5.
Fri Mar 17 20:19:27 2023 - INFO  - End to run testcase:oe_test_qt5-qttools_qhelpgenerator-qt5.
Fri Mar 17 20:19:28 2023 - INFO  - A total of 1 use cases were executed, with 0 successes and 1 failures.
Fri Mar 17 20:19:32 2023 - INFO  - start to run testcase:oe_test_qt5-qttools_qt5-qttools-devel.
Fri Mar 17 20:19:48 2023 - ERROR - The case exit by code 8.
Fri Mar 17 20:19:58 2023 - INFO  - End to run testcase:oe_test_qt5-qttools_qt5-qttools-devel.
Fri Mar 17 20:19:59 2023 - INFO  - A total of 1 use cases were executed, with 0 successes and 1 failures.
Fri Mar 17 20:20:03 2023 - INFO  - start to run testcase:oe_test_qt5-qttools_qtattributionsscanner-qt5.
Fri Mar 17 20:20:17 2023 - ERROR - The case exit by code 7.
Fri Mar 17 20:20:28 2023 - INFO  - End to run testcase:oe_test_qt5-qttools_qtattributionsscanner-qt5.
Fri Mar 17 20:20:28 2023 - INFO  - A total of 1 use cases were executed, with 0 successes and 1 failures.
Fri Mar 17 20:20:32 2023 - INFO  - start to run testcase:oe_test_qt5-qttools_qtpaths.
Fri Mar 17 20:20:52 2023 - ERROR - The case exit by code 16.
Fri Mar 17 20:21:03 2023 - INFO  - End to run testcase:oe_test_qt5-qttools_qtpaths.
Fri Mar 17 20:21:04 2023 - INFO  - A total of 1 use cases were executed, with 0 successes and 1 failures.
