Fri Mar 17 12:51:38 2023 - INFO  - start to run testcase:oe_test_service_dovecot-init.
Fri Mar 17 12:51:50 2023 - INFO  - The case exit by code 0.
Fri Mar 17 12:52:01 2023 - INFO  - End to run testcase:oe_test_service_dovecot-init.
Fri Mar 17 12:52:01 2023 - INFO  - A total of 1 use cases were executed, with 1 successes and 0 failures.
Fri Mar 17 12:52:05 2023 - INFO  - start to run testcase:oe_test_service_dovecot.
Fri Mar 17 12:52:54 2023 - ERROR - The case exit by code 8.
Fri Mar 17 12:53:05 2023 - INFO  - End to run testcase:oe_test_service_dovecot.
Fri Mar 17 12:53:06 2023 - INFO  - A total of 1 use cases were executed, with 0 successes and 1 failures.
Fri Mar 17 12:53:10 2023 - INFO  - start to run testcase:oe_test_socket_dovecot.
Fri Mar 17 12:53:47 2023 - ERROR - The case exit by code 8.
Fri Mar 17 12:53:57 2023 - INFO  - End to run testcase:oe_test_socket_dovecot.
Fri Mar 17 12:53:58 2023 - INFO  - A total of 1 use cases were executed, with 0 successes and 1 failures.
Fri Mar 17 12:54:02 2023 - INFO  - start to run testcase:oe_test_dovecot_basic.
Fri Mar 17 12:54:04 2023 - ERROR - The case exit by code 2.
Fri Mar 17 12:54:14 2023 - INFO  - End to run testcase:oe_test_dovecot_basic.
Fri Mar 17 12:54:15 2023 - INFO  - A total of 1 use cases were executed, with 0 successes and 1 failures.
Fri Mar 17 12:54:19 2023 - INFO  - start to run testcase:oe_test_dovecot_doveadm_1.
Fri Mar 17 12:54:45 2023 - ERROR - The case exit by code 15.
Fri Mar 17 12:54:56 2023 - INFO  - End to run testcase:oe_test_dovecot_doveadm_1.
Fri Mar 17 12:54:57 2023 - INFO  - A total of 1 use cases were executed, with 0 successes and 1 failures.
Fri Mar 17 12:55:01 2023 - INFO  - start to run testcase:oe_test_dovecot_doveadm_2.
Fri Mar 17 12:55:26 2023 - ERROR - The case exit by code 13.
Fri Mar 17 12:55:37 2023 - INFO  - End to run testcase:oe_test_dovecot_doveadm_2.
Fri Mar 17 12:55:37 2023 - INFO  - A total of 1 use cases were executed, with 0 successes and 1 failures.
Fri Mar 17 12:55:41 2023 - INFO  - start to run testcase:oe_test_dovecot_doveadm_3.
Fri Mar 17 12:56:03 2023 - ERROR - The case exit by code 10.
Fri Mar 17 12:56:14 2023 - INFO  - End to run testcase:oe_test_dovecot_doveadm_3.
Fri Mar 17 12:56:15 2023 - INFO  - A total of 1 use cases were executed, with 0 successes and 1 failures.
