Fri Mar 17 11:40:00 2023 - INFO  - start to run testcase:oe_test_service_cloud-config.
Fri Mar 17 11:40:44 2023 - ERROR - The case exit by code 7.
Fri Mar 17 11:40:54 2023 - INFO  - End to run testcase:oe_test_service_cloud-config.
Fri Mar 17 11:40:55 2023 - INFO  - A total of 1 use cases were executed, with 0 successes and 1 failures.
Fri Mar 17 11:40:59 2023 - INFO  - start to run testcase:oe_test_service_cloud-final.
Fri Mar 17 11:41:40 2023 - ERROR - The case exit by code 7.
Fri Mar 17 11:41:51 2023 - INFO  - End to run testcase:oe_test_service_cloud-final.
Fri Mar 17 11:41:51 2023 - INFO  - A total of 1 use cases were executed, with 0 successes and 1 failures.
Fri Mar 17 11:41:55 2023 - INFO  - start to run testcase:oe_test_service_cloud-init-local.
Fri Mar 17 11:42:38 2023 - ERROR - The case exit by code 7.
Fri Mar 17 11:42:49 2023 - INFO  - End to run testcase:oe_test_service_cloud-init-local.
Fri Mar 17 11:42:49 2023 - INFO  - A total of 1 use cases were executed, with 0 successes and 1 failures.
Fri Mar 17 11:42:53 2023 - INFO  - start to run testcase:oe_test_service_cloud-init.
Fri Mar 17 11:43:34 2023 - ERROR - The case exit by code 7.
Fri Mar 17 11:43:45 2023 - INFO  - End to run testcase:oe_test_service_cloud-init.
Fri Mar 17 11:43:46 2023 - INFO  - A total of 1 use cases were executed, with 0 successes and 1 failures.
Fri Mar 17 11:43:49 2023 - INFO  - start to run testcase:oe_test_target_cloud-config.
Fri Mar 17 11:44:04 2023 - INFO  - The case exit by code 0.
Fri Mar 17 11:44:15 2023 - INFO  - End to run testcase:oe_test_target_cloud-config.
Fri Mar 17 11:44:15 2023 - INFO  - A total of 1 use cases were executed, with 1 successes and 0 failures.
Fri Mar 17 11:44:19 2023 - INFO  - start to run testcase:oe_test_target_cloud-init.
Fri Mar 17 11:44:34 2023 - INFO  - The case exit by code 0.
Fri Mar 17 11:44:44 2023 - INFO  - End to run testcase:oe_test_target_cloud-init.
Fri Mar 17 11:44:45 2023 - INFO  - A total of 1 use cases were executed, with 1 successes and 0 failures.
