Fri Mar 17 11:28:46 2023 - INFO  - start to run testcase:oe_test_service_clamav-clamonacc.
Fri Mar 17 11:29:57 2023 - ERROR - The case exit by code 7.
Fri Mar 17 11:30:07 2023 - INFO  - End to run testcase:oe_test_service_clamav-clamonacc.
Fri Mar 17 11:30:08 2023 - INFO  - A total of 1 use cases were executed, with 0 successes and 1 failures.
Fri Mar 17 11:30:12 2023 - INFO  - start to run testcase:oe_test_service_clamav-milter.
Fri Mar 17 11:30:48 2023 - ERROR - The case exit by code 7.
Fri Mar 17 11:30:59 2023 - INFO  - End to run testcase:oe_test_service_clamav-milter.
Fri Mar 17 11:31:00 2023 - INFO  - A total of 1 use cases were executed, with 0 successes and 1 failures.
Fri Mar 17 11:31:03 2023 - INFO  - start to run testcase:oe_test_clamav_clamav-milter.
Fri Mar 17 11:31:22 2023 - ERROR - The case exit by code 7.
Fri Mar 17 11:31:32 2023 - INFO  - End to run testcase:oe_test_clamav_clamav-milter.
Fri Mar 17 11:31:33 2023 - INFO  - A total of 1 use cases were executed, with 0 successes and 1 failures.
Fri Mar 17 11:31:37 2023 - INFO  - start to run testcase:oe_test_clamav_clambc.
Fri Mar 17 11:32:02 2023 - ERROR - The case exit by code 12.
Fri Mar 17 11:32:13 2023 - INFO  - End to run testcase:oe_test_clamav_clambc.
Fri Mar 17 11:32:13 2023 - INFO  - A total of 1 use cases were executed, with 0 successes and 1 failures.
Fri Mar 17 11:32:17 2023 - INFO  - start to run testcase:oe_test_clamav_clamconf.
Fri Mar 17 11:32:41 2023 - ERROR - The case exit by code 9.
Fri Mar 17 11:32:52 2023 - INFO  - End to run testcase:oe_test_clamav_clamconf.
Fri Mar 17 11:32:52 2023 - INFO  - A total of 1 use cases were executed, with 0 successes and 1 failures.
Fri Mar 17 11:32:56 2023 - INFO  - start to run testcase:oe_test_clamav_clamdscan_scan.
Fri Mar 17 11:33:16 2023 - ERROR - The case exit by code 9.
Fri Mar 17 11:33:27 2023 - INFO  - End to run testcase:oe_test_clamav_clamdscan_scan.
Fri Mar 17 11:33:28 2023 - INFO  - A total of 1 use cases were executed, with 0 successes and 1 failures.
Fri Mar 17 11:33:31 2023 - INFO  - start to run testcase:oe_test_clamav_clamdscan_service.
Fri Mar 17 11:33:49 2023 - ERROR - The case exit by code 6.
Fri Mar 17 11:34:00 2023 - INFO  - End to run testcase:oe_test_clamav_clamdscan_service.
Fri Mar 17 11:34:00 2023 - INFO  - A total of 1 use cases were executed, with 0 successes and 1 failures.
Fri Mar 17 11:34:04 2023 - INFO  - start to run testcase:oe_test_clamav_clamdtop.
Fri Mar 17 11:34:22 2023 - ERROR - The case exit by code 6.
Fri Mar 17 11:34:32 2023 - INFO  - End to run testcase:oe_test_clamav_clamdtop.
Fri Mar 17 11:34:33 2023 - INFO  - A total of 1 use cases were executed, with 0 successes and 1 failures.
Fri Mar 17 11:34:36 2023 - INFO  - start to run testcase:oe_test_clamav_clamonacc.
Fri Mar 17 11:35:14 2023 - ERROR - The case exit by code 13.
Fri Mar 17 11:35:24 2023 - INFO  - End to run testcase:oe_test_clamav_clamonacc.
Fri Mar 17 11:35:25 2023 - INFO  - A total of 1 use cases were executed, with 0 successes and 1 failures.
Fri Mar 17 11:35:29 2023 - INFO  - start to run testcase:oe_test_clamav_clamscan_1.
Fri Mar 17 11:35:58 2023 - ERROR - The case exit by code 11.
Fri Mar 17 11:36:08 2023 - INFO  - End to run testcase:oe_test_clamav_clamscan_1.
Fri Mar 17 11:36:09 2023 - INFO  - A total of 1 use cases were executed, with 0 successes and 1 failures.
Fri Mar 17 11:36:12 2023 - INFO  - start to run testcase:oe_test_clamav_clamscan_2.
Fri Mar 17 11:36:56 2023 - ERROR - The case exit by code 28.
Fri Mar 17 11:37:07 2023 - INFO  - End to run testcase:oe_test_clamav_clamscan_2.
Fri Mar 17 11:37:07 2023 - INFO  - A total of 1 use cases were executed, with 0 successes and 1 failures.
Fri Mar 17 11:37:11 2023 - INFO  - start to run testcase:oe_test_clamav_clamscan_3.
Fri Mar 17 11:37:41 2023 - ERROR - The case exit by code 14.
Fri Mar 17 11:37:52 2023 - INFO  - End to run testcase:oe_test_clamav_clamscan_3.
Fri Mar 17 11:37:52 2023 - INFO  - A total of 1 use cases were executed, with 0 successes and 1 failures.
Fri Mar 17 11:37:56 2023 - INFO  - start to run testcase:oe_test_clamav_clamsubmit.
Fri Mar 17 11:38:17 2023 - ERROR - The case exit by code 10.
Fri Mar 17 11:38:27 2023 - INFO  - End to run testcase:oe_test_clamav_clamsubmit.
Fri Mar 17 11:38:28 2023 - INFO  - A total of 1 use cases were executed, with 0 successes and 1 failures.
Fri Mar 17 11:38:31 2023 - INFO  - start to run testcase:oe_test_clamav_freshclam.
Fri Mar 17 11:39:01 2023 - ERROR - The case exit by code 18.
Fri Mar 17 11:39:12 2023 - INFO  - End to run testcase:oe_test_clamav_freshclam.
Fri Mar 17 11:39:12 2023 - INFO  - A total of 1 use cases were executed, with 0 successes and 1 failures.
Fri Mar 17 11:39:16 2023 - INFO  - start to run testcase:oe_test_clamav_sigtool_1.
Fri Mar 17 11:39:44 2023 - ERROR - The case exit by code 11.
Fri Mar 17 11:39:55 2023 - INFO  - End to run testcase:oe_test_clamav_sigtool_1.
Fri Mar 17 11:39:56 2023 - INFO  - A total of 1 use cases were executed, with 0 successes and 1 failures.
Fri Mar 17 11:39:59 2023 - INFO  - start to run testcase:oe_test_clamav_sigtool_2.
Fri Mar 17 11:40:24 2023 - ERROR - The case exit by code 11.
Fri Mar 17 11:40:35 2023 - INFO  - End to run testcase:oe_test_clamav_sigtool_2.
Fri Mar 17 11:40:35 2023 - INFO  - A total of 1 use cases were executed, with 0 successes and 1 failures.
