Fri Mar 17 18:27:54 2023 - INFO  - start to run testcase:oe_test_opensp_onsgmls.
Fri Mar 17 18:29:49 2023 - ERROR - The case exit by code 1.
Fri Mar 17 18:30:00 2023 - INFO  - End to run testcase:oe_test_opensp_onsgmls.
Fri Mar 17 18:30:01 2023 - INFO  - A total of 1 use cases were executed, with 0 successes and 1 failures.
Fri Mar 17 18:30:05 2023 - INFO  - start to run testcase:oe_test_opensp_ospcat.
Fri Mar 17 18:31:05 2023 - ERROR - The case exit by code 1.
Fri Mar 17 18:31:16 2023 - INFO  - End to run testcase:oe_test_opensp_ospcat.
Fri Mar 17 18:31:16 2023 - INFO  - A total of 1 use cases were executed, with 0 successes and 1 failures.
Fri Mar 17 18:31:20 2023 - INFO  - start to run testcase:oe_test_opensp_osgmlnorm.
Fri Mar 17 18:33:04 2023 - ERROR - The case exit by code 1.
Fri Mar 17 18:33:15 2023 - INFO  - End to run testcase:oe_test_opensp_osgmlnorm.
Fri Mar 17 18:33:16 2023 - INFO  - A total of 1 use cases were executed, with 0 successes and 1 failures.
Fri Mar 17 18:33:19 2023 - INFO  - start to run testcase:oe_test_opensp_ospam_spam.
Fri Mar 17 18:35:02 2023 - ERROR - The case exit by code 1.
Fri Mar 17 18:35:12 2023 - INFO  - End to run testcase:oe_test_opensp_ospam_spam.
Fri Mar 17 18:35:13 2023 - INFO  - A total of 1 use cases were executed, with 0 successes and 1 failures.
Fri Mar 17 18:35:16 2023 - INFO  - start to run testcase:oe_test_opensp_ospent_spent.
Fri Mar 17 18:36:14 2023 - ERROR - The case exit by code 1.
Fri Mar 17 18:36:24 2023 - INFO  - End to run testcase:oe_test_opensp_ospent_spent.
Fri Mar 17 18:36:25 2023 - INFO  - A total of 1 use cases were executed, with 0 successes and 1 failures.
Fri Mar 17 18:36:29 2023 - INFO  - start to run testcase:oe_test_opensp_osx.
Fri Mar 17 18:37:58 2023 - ERROR - The case exit by code 1.
Fri Mar 17 18:38:09 2023 - INFO  - End to run testcase:oe_test_opensp_osx.
Fri Mar 17 18:38:09 2023 - INFO  - A total of 1 use cases were executed, with 0 successes and 1 failures.
