Fri Mar 17 18:30:25 2023 - INFO  - start to run testcase:oe_test_openssl_concurrent_operations.
Fri Mar 17 18:30:55 2023 - INFO  - The case exit by code 0.
Fri Mar 17 18:31:05 2023 - INFO  - End to run testcase:oe_test_openssl_concurrent_operations.
Fri Mar 17 18:31:06 2023 - INFO  - A total of 1 use cases were executed, with 1 successes and 0 failures.
Fri Mar 17 18:31:09 2023 - INFO  - start to run testcase:oe_test_openssl_create_CA_applying_certificate.
Fri Mar 17 18:31:30 2023 - ERROR - The case exit by code 7.
Fri Mar 17 18:31:41 2023 - INFO  - End to run testcase:oe_test_openssl_create_CA_applying_certificate.
Fri Mar 17 18:31:41 2023 - INFO  - A total of 1 use cases were executed, with 0 successes and 1 failures.
Fri Mar 17 18:31:45 2023 - INFO  - start to run testcase:oe_test_openssl_delete_configuration_file.
Fri Mar 17 18:32:11 2023 - ERROR - The case exit by code 10.
Fri Mar 17 18:32:22 2023 - INFO  - End to run testcase:oe_test_openssl_delete_configuration_file.
Fri Mar 17 18:32:23 2023 - INFO  - A total of 1 use cases were executed, with 0 successes and 1 failures.
Fri Mar 17 18:32:27 2023 - INFO  - start to run testcase:oe_test_openssl_Diffie_Hellman.
Fri Mar 17 18:32:35 2023 - ERROR - The case exit by code 1.
Fri Mar 17 18:32:45 2023 - INFO  - End to run testcase:oe_test_openssl_Diffie_Hellman.
Fri Mar 17 18:32:46 2023 - INFO  - A total of 1 use cases were executed, with 0 successes and 1 failures.
Fri Mar 17 18:32:50 2023 - INFO  - start to run testcase:oe_test_openssl_DSA_algorithm.
Fri Mar 17 18:33:03 2023 - ERROR - The case exit by code 1.
Fri Mar 17 18:33:14 2023 - INFO  - End to run testcase:oe_test_openssl_DSA_algorithm.
Fri Mar 17 18:33:15 2023 - INFO  - A total of 1 use cases were executed, with 0 successes and 1 failures.
Fri Mar 17 18:33:18 2023 - INFO  - start to run testcase:oe_test_openssl_empty_private_key.
Fri Mar 17 18:33:30 2023 - ERROR - The case exit by code 2.
Fri Mar 17 18:33:41 2023 - INFO  - End to run testcase:oe_test_openssl_empty_private_key.
Fri Mar 17 18:33:41 2023 - INFO  - A total of 1 use cases were executed, with 0 successes and 1 failures.
Fri Mar 17 18:33:45 2023 - INFO  - start to run testcase:oe_test_openssl_empty_public_key.
Fri Mar 17 18:33:55 2023 - ERROR - The case exit by code 2.
Fri Mar 17 18:34:06 2023 - INFO  - End to run testcase:oe_test_openssl_empty_public_key.
Fri Mar 17 18:34:06 2023 - INFO  - A total of 1 use cases were executed, with 0 successes and 1 failures.
Fri Mar 17 18:34:10 2023 - INFO  - start to run testcase:oe_test_openssl_encrypt_decrypt_file_asymmetrically.
Fri Mar 17 18:34:25 2023 - ERROR - The case exit by code 1.
Fri Mar 17 18:34:36 2023 - INFO  - End to run testcase:oe_test_openssl_encrypt_decrypt_file_asymmetrically.
Fri Mar 17 18:34:36 2023 - INFO  - A total of 1 use cases were executed, with 0 successes and 1 failures.
Fri Mar 17 18:34:40 2023 - INFO  - start to run testcase:oe_test_openssl_encrypte_decrypte_emails.
Fri Mar 17 18:34:51 2023 - ERROR - The case exit by code 1.
Fri Mar 17 18:35:01 2023 - INFO  - End to run testcase:oe_test_openssl_encrypte_decrypte_emails.
Fri Mar 17 18:35:02 2023 - INFO  - A total of 1 use cases were executed, with 0 successes and 1 failures.
Fri Mar 17 18:35:06 2023 - INFO  - start to run testcase:oe_test_openssl_encrypting_character_string.
Fri Mar 17 18:35:11 2023 - INFO  - The case exit by code 0.
Fri Mar 17 18:35:22 2023 - INFO  - End to run testcase:oe_test_openssl_encrypting_character_string.
Fri Mar 17 18:35:22 2023 - INFO  - A total of 1 use cases were executed, with 1 successes and 0 failures.
Fri Mar 17 18:35:26 2023 - INFO  - start to run testcase:oe_test_openssl_expired_certificate.
Fri Mar 17 18:35:49 2023 - ERROR - The case exit by code 10.
Fri Mar 17 18:36:00 2023 - INFO  - End to run testcase:oe_test_openssl_expired_certificate.
Fri Mar 17 18:36:01 2023 - INFO  - A total of 1 use cases were executed, with 0 successes and 1 failures.
Fri Mar 17 18:36:05 2023 - INFO  - start to run testcase:oe_test_openssl_file_signature_verification.
Fri Mar 17 18:36:21 2023 - ERROR - The case exit by code 2.
Fri Mar 17 18:36:31 2023 - INFO  - End to run testcase:oe_test_openssl_file_signature_verification.
Fri Mar 17 18:36:32 2023 - INFO  - A total of 1 use cases were executed, with 0 successes and 1 failures.
Fri Mar 17 18:36:35 2023 - INFO  - start to run testcase:oe_test_openssl_generate_key_pair.
Fri Mar 17 18:36:55 2023 - ERROR - The case exit by code 1.
Fri Mar 17 18:37:06 2023 - INFO  - End to run testcase:oe_test_openssl_generate_key_pair.
Fri Mar 17 18:37:07 2023 - INFO  - A total of 1 use cases were executed, with 0 successes and 1 failures.
Fri Mar 17 18:37:10 2023 - INFO  - start to run testcase:oe_test_openssl_generate_password.
Fri Mar 17 18:37:28 2023 - ERROR - The case exit by code 2.
Fri Mar 17 18:37:39 2023 - INFO  - End to run testcase:oe_test_openssl_generate_password.
Fri Mar 17 18:37:39 2023 - INFO  - A total of 1 use cases were executed, with 0 successes and 1 failures.
Fri Mar 17 18:37:43 2023 - INFO  - start to run testcase:oe_test_openssl_generate_random_number.
Fri Mar 17 18:37:48 2023 - INFO  - The case exit by code 0.
Fri Mar 17 18:37:59 2023 - INFO  - End to run testcase:oe_test_openssl_generate_random_number.
Fri Mar 17 18:38:00 2023 - INFO  - A total of 1 use cases were executed, with 1 successes and 0 failures.
Fri Mar 17 18:38:03 2023 - INFO  - start to run testcase:oe_test_openssl_Implements_https.
Fri Mar 17 18:38:27 2023 - ERROR - The case exit by code 10.
Fri Mar 17 18:38:38 2023 - INFO  - End to run testcase:oe_test_openssl_Implements_https.
Fri Mar 17 18:38:38 2023 - INFO  - A total of 1 use cases were executed, with 0 successes and 1 failures.
Fri Mar 17 18:38:42 2023 - INFO  - start to run testcase:oe_test_openssl_incorrect_public_private_key.
Fri Mar 17 18:38:54 2023 - ERROR - The case exit by code 3.
Fri Mar 17 18:39:05 2023 - INFO  - End to run testcase:oe_test_openssl_incorrect_public_private_key.
Fri Mar 17 18:39:06 2023 - INFO  - A total of 1 use cases were executed, with 0 successes and 1 failures.
Fri Mar 17 18:39:09 2023 - INFO  - start to run testcase:oe_test_openssl_message_digest.
Fri Mar 17 18:39:15 2023 - INFO  - The case exit by code 0.
Fri Mar 17 18:39:26 2023 - INFO  - End to run testcase:oe_test_openssl_message_digest.
Fri Mar 17 18:39:26 2023 - INFO  - A total of 1 use cases were executed, with 1 successes and 0 failures.
Fri Mar 17 18:39:30 2023 - INFO  - start to run testcase:oe_test_openssl_one_way_encryption.
Fri Mar 17 18:39:36 2023 - INFO  - The case exit by code 0.
Fri Mar 17 18:39:46 2023 - INFO  - End to run testcase:oe_test_openssl_one_way_encryption.
Fri Mar 17 18:39:47 2023 - INFO  - A total of 1 use cases were executed, with 1 successes and 0 failures.
Fri Mar 17 18:39:51 2023 - INFO  - start to run testcase:oe_test_openssl_related_concurrent_operations.
Fri Mar 17 18:40:37 2023 - INFO  - The case exit by code 0.
Fri Mar 17 18:40:48 2023 - INFO  - End to run testcase:oe_test_openssl_related_concurrent_operations.
Fri Mar 17 18:40:48 2023 - INFO  - A total of 1 use cases were executed, with 1 successes and 0 failures.
Fri Mar 17 18:40:52 2023 - INFO  - start to run testcase:oe_test_openssl_reliability.
Fri Mar 17 18:41:15 2023 - ERROR - The case exit by code 9.
Fri Mar 17 18:41:26 2023 - INFO  - End to run testcase:oe_test_openssl_reliability.
Fri Mar 17 18:41:27 2023 - INFO  - A total of 1 use cases were executed, with 0 successes and 1 failures.
Fri Mar 17 18:41:31 2023 - INFO  - start to run testcase:oe_test_openssl_remove_mod_ssl.
Fri Mar 17 18:41:51 2023 - ERROR - The case exit by code 8.
Fri Mar 17 18:42:01 2023 - INFO  - End to run testcase:oe_test_openssl_remove_mod_ssl.
Fri Mar 17 18:42:02 2023 - INFO  - A total of 1 use cases were executed, with 0 successes and 1 failures.
Fri Mar 17 18:42:05 2023 - INFO  - start to run testcase:oe_test_openssl_repeated_execution.
Fri Mar 17 18:43:30 2023 - INFO  - The case exit by code 0.
Fri Mar 17 18:43:41 2023 - INFO  - End to run testcase:oe_test_openssl_repeated_execution.
Fri Mar 17 18:43:42 2023 - INFO  - A total of 1 use cases were executed, with 1 successes and 0 failures.
Fri Mar 17 18:43:45 2023 - INFO  - start to run testcase:oe_test_openssl_repeat_restart.
Fri Mar 17 18:46:35 2023 - ERROR - The case exit by code 108.
Fri Mar 17 18:46:46 2023 - INFO  - End to run testcase:oe_test_openssl_repeat_restart.
Fri Mar 17 18:46:47 2023 - INFO  - A total of 1 use cases were executed, with 0 successes and 1 failures.
Fri Mar 17 18:46:50 2023 - INFO  - start to run testcase:oe_test_openssl_RSA_algorithm.
Fri Mar 17 18:46:59 2023 - ERROR - The case exit by code 1.
Fri Mar 17 18:47:10 2023 - INFO  - End to run testcase:oe_test_openssl_RSA_algorithm.
Fri Mar 17 18:47:11 2023 - INFO  - A total of 1 use cases were executed, with 0 successes and 1 failures.
Fri Mar 17 18:47:15 2023 - INFO  - start to run testcase:oe_test_openssl_symmetrically_encrypts_decrypts_files.
Fri Mar 17 18:47:51 2023 - INFO  - The case exit by code 0.
Fri Mar 17 18:48:02 2023 - INFO  - End to run testcase:oe_test_openssl_symmetrically_encrypts_decrypts_files.
Fri Mar 17 18:48:03 2023 - INFO  - A total of 1 use cases were executed, with 1 successes and 0 failures.
Fri Mar 17 18:48:07 2023 - INFO  - start to run testcase:oe_test_openssl_symmetric_encryption_decryption.
Fri Mar 17 18:48:12 2023 - INFO  - The case exit by code 0.
Fri Mar 17 18:48:23 2023 - INFO  - End to run testcase:oe_test_openssl_symmetric_encryption_decryption.
Fri Mar 17 18:48:24 2023 - INFO  - A total of 1 use cases were executed, with 1 successes and 0 failures.
Fri Mar 17 18:48:27 2023 - INFO  - start to run testcase:oe_test_openssl_enc.
Fri Mar 17 18:48:38 2023 - INFO  - The case exit by code 0.
Fri Mar 17 18:48:49 2023 - INFO  - End to run testcase:oe_test_openssl_enc.
Fri Mar 17 18:48:49 2023 - INFO  - A total of 1 use cases were executed, with 1 successes and 0 failures.
