Fri Mar 17 15:17:09 2023 - INFO  - start to run testcase:oe_test_junit5_abnormal_removejar.
Fri Mar 17 15:17:59 2023 - ERROR - The case exit by code 2.
Fri Mar 17 15:18:10 2023 - INFO  - End to run testcase:oe_test_junit5_abnormal_removejar.
Fri Mar 17 15:18:11 2023 - INFO  - A total of 1 use cases were executed, with 0 successes and 1 failures.
Fri Mar 17 15:18:15 2023 - INFO  - start to run testcase:oe_test_junit5_annotation_tag.
Fri Mar 17 15:19:07 2023 - ERROR - The case exit by code 5.
Fri Mar 17 15:19:18 2023 - INFO  - End to run testcase:oe_test_junit5_annotation_tag.
Fri Mar 17 15:19:19 2023 - INFO  - A total of 1 use cases were executed, with 0 successes and 1 failures.
Fri Mar 17 15:19:22 2023 - INFO  - start to run testcase:oe_test_junit5_annotation_timeout.
Fri Mar 17 15:20:12 2023 - ERROR - The case exit by code 2.
Fri Mar 17 15:20:23 2023 - INFO  - End to run testcase:oe_test_junit5_annotation_timeout.
Fri Mar 17 15:20:23 2023 - INFO  - A total of 1 use cases were executed, with 0 successes and 1 failures.
Fri Mar 17 15:20:27 2023 - INFO  - start to run testcase:oe_test_junit5_ant.
Fri Mar 17 15:21:21 2023 - ERROR - The case exit by code 3.
Fri Mar 17 15:21:31 2023 - INFO  - End to run testcase:oe_test_junit5_ant.
Fri Mar 17 15:21:32 2023 - INFO  - A total of 1 use cases were executed, with 0 successes and 1 failures.
Fri Mar 17 15:21:36 2023 - INFO  - start to run testcase:oe_test_junit5_assert.
Fri Mar 17 15:22:25 2023 - ERROR - The case exit by code 5.
Fri Mar 17 15:22:35 2023 - INFO  - End to run testcase:oe_test_junit5_assert.
Fri Mar 17 15:22:36 2023 - INFO  - A total of 1 use cases were executed, with 0 successes and 1 failures.
Fri Mar 17 15:22:40 2023 - INFO  - start to run testcase:oe_test_junit5_epeat.
Fri Mar 17 15:23:26 2023 - ERROR - The case exit by code 3.
Fri Mar 17 15:23:36 2023 - INFO  - End to run testcase:oe_test_junit5_epeat.
Fri Mar 17 15:23:37 2023 - INFO  - A total of 1 use cases were executed, with 0 successes and 1 failures.
Fri Mar 17 15:23:41 2023 - INFO  - start to run testcase:oe_test_junit5_gradle.
Fri Mar 17 15:33:20 2023 - ERROR - The case exit by code 3.
Fri Mar 17 15:33:31 2023 - INFO  - End to run testcase:oe_test_junit5_gradle.
Fri Mar 17 15:33:32 2023 - INFO  - A total of 1 use cases were executed, with 0 successes and 1 failures.
Fri Mar 17 15:33:36 2023 - INFO  - start to run testcase:oe_test_junit5_junit4.
Fri Mar 17 15:38:16 2023 - ERROR - The case exit by code 4.
Fri Mar 17 15:38:27 2023 - INFO  - End to run testcase:oe_test_junit5_junit4.
Fri Mar 17 15:38:28 2023 - INFO  - A total of 1 use cases were executed, with 0 successes and 1 failures.
Fri Mar 17 15:38:31 2023 - INFO  - start to run testcase:oe_test_junit5_kotlin_maven.
Fri Mar 17 15:43:30 2023 - ERROR - The case exit by code 4.
Fri Mar 17 15:43:41 2023 - INFO  - End to run testcase:oe_test_junit5_kotlin_maven.
Fri Mar 17 15:43:41 2023 - INFO  - A total of 1 use cases were executed, with 0 successes and 1 failures.
Fri Mar 17 15:43:45 2023 - INFO  - start to run testcase:oe_test_junit5_maven.
Fri Mar 17 15:49:00 2023 - ERROR - The case exit by code 4.
Fri Mar 17 15:49:11 2023 - INFO  - End to run testcase:oe_test_junit5_maven.
Fri Mar 17 15:49:11 2023 - INFO  - A total of 1 use cases were executed, with 0 successes and 1 failures.
Fri Mar 17 15:49:15 2023 - INFO  - start to run testcase:oe_test_junit5_noimport.
Fri Mar 17 15:50:03 2023 - ERROR - The case exit by code 2.
Fri Mar 17 15:50:14 2023 - INFO  - End to run testcase:oe_test_junit5_noimport.
Fri Mar 17 15:50:15 2023 - INFO  - A total of 1 use cases were executed, with 0 successes and 1 failures.
Fri Mar 17 15:50:18 2023 - INFO  - start to run testcase:oe_test_junit5_parametric.
Fri Mar 17 15:51:06 2023 - ERROR - The case exit by code 4.
Fri Mar 17 15:51:17 2023 - INFO  - End to run testcase:oe_test_junit5_parametric.
Fri Mar 17 15:51:17 2023 - INFO  - A total of 1 use cases were executed, with 0 successes and 1 failures.
Fri Mar 17 15:51:21 2023 - INFO  - start to run testcase:oe_test_junit5_spring_maven.
Fri Mar 17 15:56:11 2023 - ERROR - The case exit by code 2.
Fri Mar 17 15:56:22 2023 - INFO  - End to run testcase:oe_test_junit5_spring_maven.
Fri Mar 17 15:56:22 2023 - INFO  - A total of 1 use cases were executed, with 0 successes and 1 failures.
