Fri Mar 17 19:24:38 2023 - INFO  - start to run testcase:oe_test_service_io.podman.
Fri Mar 17 19:24:52 2023 - ERROR - The case exit by code 1.
Fri Mar 17 19:25:03 2023 - INFO  - End to run testcase:oe_test_service_io.podman.
Fri Mar 17 19:25:04 2023 - INFO  - A total of 1 use cases were executed, with 0 successes and 1 failures.
Fri Mar 17 19:25:08 2023 - INFO  - start to run testcase:oe_test_socket_io.podman.
Fri Mar 17 19:25:45 2023 - ERROR - The case exit by code 7.
Fri Mar 17 19:25:56 2023 - INFO  - End to run testcase:oe_test_socket_io.podman.
Fri Mar 17 19:25:56 2023 - INFO  - A total of 1 use cases were executed, with 0 successes and 1 failures.
Fri Mar 17 19:26:00 2023 - INFO  - start to run testcase:oe_test_podman_01.
Fri Mar 17 19:26:16 2023 - ERROR - The case exit by code 8.
Fri Mar 17 19:26:27 2023 - INFO  - End to run testcase:oe_test_podman_01.
Fri Mar 17 19:26:28 2023 - INFO  - A total of 1 use cases were executed, with 0 successes and 1 failures.
Fri Mar 17 19:26:32 2023 - INFO  - start to run testcase:oe_test_podman_02.
Fri Mar 17 19:26:52 2023 - ERROR - The case exit by code 14.
Fri Mar 17 19:27:03 2023 - INFO  - End to run testcase:oe_test_podman_02.
Fri Mar 17 19:27:04 2023 - INFO  - A total of 1 use cases were executed, with 0 successes and 1 failures.
Fri Mar 17 19:27:07 2023 - INFO  - start to run testcase:oe_test_podman_03.
Fri Mar 17 19:27:25 2023 - ERROR - The case exit by code 12.
Fri Mar 17 19:27:36 2023 - INFO  - End to run testcase:oe_test_podman_03.
Fri Mar 17 19:27:36 2023 - INFO  - A total of 1 use cases were executed, with 0 successes and 1 failures.
Fri Mar 17 19:27:40 2023 - INFO  - start to run testcase:oe_test_podman_04.
Fri Mar 17 19:27:58 2023 - ERROR - The case exit by code 12.
Fri Mar 17 19:28:08 2023 - INFO  - End to run testcase:oe_test_podman_04.
Fri Mar 17 19:28:09 2023 - INFO  - A total of 1 use cases were executed, with 0 successes and 1 failures.
Fri Mar 17 19:28:13 2023 - INFO  - start to run testcase:oe_test_podman_05.
Fri Mar 17 19:28:29 2023 - ERROR - The case exit by code 10.
Fri Mar 17 19:28:40 2023 - INFO  - End to run testcase:oe_test_podman_05.
Fri Mar 17 19:28:41 2023 - INFO  - A total of 1 use cases were executed, with 0 successes and 1 failures.
Fri Mar 17 19:28:44 2023 - INFO  - start to run testcase:oe_test_podman_06.
Fri Mar 17 19:29:01 2023 - ERROR - The case exit by code 10.
Fri Mar 17 19:29:12 2023 - INFO  - End to run testcase:oe_test_podman_06.
Fri Mar 17 19:29:12 2023 - INFO  - A total of 1 use cases were executed, with 0 successes and 1 failures.
Fri Mar 17 19:29:16 2023 - INFO  - start to run testcase:oe_test_podman_07.
Fri Mar 17 19:29:35 2023 - ERROR - The case exit by code 13.
Fri Mar 17 19:29:45 2023 - INFO  - End to run testcase:oe_test_podman_07.
Fri Mar 17 19:29:46 2023 - INFO  - A total of 1 use cases were executed, with 0 successes and 1 failures.
Fri Mar 17 19:29:50 2023 - INFO  - start to run testcase:oe_test_podman_08.
Fri Mar 17 19:30:07 2023 - ERROR - The case exit by code 11.
Fri Mar 17 19:30:18 2023 - INFO  - End to run testcase:oe_test_podman_08.
Fri Mar 17 19:30:19 2023 - INFO  - A total of 1 use cases were executed, with 0 successes and 1 failures.
Fri Mar 17 19:30:23 2023 - INFO  - start to run testcase:oe_test_podman_09.
Fri Mar 17 20:00:24 2023 - WARN  - The case execution timeout.
Fri Mar 17 20:00:25 2023 - ERROR - The case exit by code 143.
Fri Mar 17 20:00:35 2023 - INFO  - End to run testcase:oe_test_podman_09.
Fri Mar 17 20:00:36 2023 - INFO  - A total of 1 use cases were executed, with 0 successes and 1 failures.
Fri Mar 17 20:00:40 2023 - INFO  - start to run testcase:oe_test_podman_10.
Fri Mar 17 20:00:56 2023 - ERROR - The case exit by code 9.
Fri Mar 17 20:01:07 2023 - INFO  - End to run testcase:oe_test_podman_10.
Fri Mar 17 20:01:07 2023 - INFO  - A total of 1 use cases were executed, with 0 successes and 1 failures.
Fri Mar 17 20:01:11 2023 - INFO  - start to run testcase:oe_test_podman_11.
Fri Mar 17 20:01:26 2023 - ERROR - The case exit by code 8.
Fri Mar 17 20:01:37 2023 - INFO  - End to run testcase:oe_test_podman_11.
Fri Mar 17 20:01:38 2023 - INFO  - A total of 1 use cases were executed, with 0 successes and 1 failures.
Fri Mar 17 20:01:42 2023 - INFO  - start to run testcase:oe_test_podman_12.
Fri Mar 17 20:01:58 2023 - ERROR - The case exit by code 9.
Fri Mar 17 20:02:09 2023 - INFO  - End to run testcase:oe_test_podman_12.
Fri Mar 17 20:02:09 2023 - INFO  - A total of 1 use cases were executed, with 0 successes and 1 failures.
Fri Mar 17 20:02:13 2023 - INFO  - start to run testcase:oe_test_podman_13.
Fri Mar 17 20:02:30 2023 - ERROR - The case exit by code 9.
Fri Mar 17 20:02:40 2023 - INFO  - End to run testcase:oe_test_podman_13.
Fri Mar 17 20:02:41 2023 - INFO  - A total of 1 use cases were executed, with 0 successes and 1 failures.
Fri Mar 17 20:02:45 2023 - INFO  - start to run testcase:oe_test_podman_14.
Fri Mar 17 20:03:01 2023 - ERROR - The case exit by code 9.
Fri Mar 17 20:03:12 2023 - INFO  - End to run testcase:oe_test_podman_14.
Fri Mar 17 20:03:12 2023 - INFO  - A total of 1 use cases were executed, with 0 successes and 1 failures.
Fri Mar 17 20:03:16 2023 - INFO  - start to run testcase:oe_test_podman_15.
Fri Mar 17 20:03:33 2023 - ERROR - The case exit by code 9.
Fri Mar 17 20:03:43 2023 - INFO  - End to run testcase:oe_test_podman_15.
Fri Mar 17 20:03:44 2023 - INFO  - A total of 1 use cases were executed, with 0 successes and 1 failures.
Fri Mar 17 20:03:48 2023 - INFO  - start to run testcase:oe_test_podman_16.
Fri Mar 17 20:04:07 2023 - ERROR - The case exit by code 10.
Fri Mar 17 20:04:17 2023 - INFO  - End to run testcase:oe_test_podman_16.
Fri Mar 17 20:04:18 2023 - INFO  - A total of 1 use cases were executed, with 0 successes and 1 failures.
Fri Mar 17 20:04:22 2023 - INFO  - start to run testcase:oe_test_podman_17.
Fri Mar 17 20:04:38 2023 - ERROR - The case exit by code 9.
Fri Mar 17 20:04:49 2023 - INFO  - End to run testcase:oe_test_podman_17.
Fri Mar 17 20:04:49 2023 - INFO  - A total of 1 use cases were executed, with 0 successes and 1 failures.
Fri Mar 17 20:04:53 2023 - INFO  - start to run testcase:oe_test_podman_18.
Fri Mar 17 20:05:10 2023 - ERROR - The case exit by code 8.
Fri Mar 17 20:05:21 2023 - INFO  - End to run testcase:oe_test_podman_18.
Fri Mar 17 20:05:22 2023 - INFO  - A total of 1 use cases were executed, with 0 successes and 1 failures.
Fri Mar 17 20:05:26 2023 - INFO  - start to run testcase:oe_test_podman_19.
Fri Mar 17 20:05:44 2023 - ERROR - The case exit by code 12.
Fri Mar 17 20:05:55 2023 - INFO  - End to run testcase:oe_test_podman_19.
Fri Mar 17 20:05:55 2023 - INFO  - A total of 1 use cases were executed, with 0 successes and 1 failures.
Fri Mar 17 20:05:59 2023 - INFO  - start to run testcase:oe_test_podman_20.
Fri Mar 17 20:06:14 2023 - ERROR - The case exit by code 5.
Fri Mar 17 20:06:25 2023 - INFO  - End to run testcase:oe_test_podman_20.
Fri Mar 17 20:06:25 2023 - INFO  - A total of 1 use cases were executed, with 0 successes and 1 failures.
Fri Mar 17 20:06:29 2023 - INFO  - start to run testcase:oe_test_podman_21.
Fri Mar 17 20:06:50 2023 - ERROR - The case exit by code 14.
Fri Mar 17 20:07:00 2023 - INFO  - End to run testcase:oe_test_podman_21.
Fri Mar 17 20:07:01 2023 - INFO  - A total of 1 use cases were executed, with 0 successes and 1 failures.
Fri Mar 17 20:07:05 2023 - INFO  - start to run testcase:oe_test_podman_22.
Fri Mar 17 20:07:25 2023 - ERROR - The case exit by code 14.
Fri Mar 17 20:07:35 2023 - INFO  - End to run testcase:oe_test_podman_22.
Fri Mar 17 20:07:36 2023 - INFO  - A total of 1 use cases were executed, with 0 successes and 1 failures.
Fri Mar 17 20:07:40 2023 - INFO  - start to run testcase:oe_test_podman_23.
Fri Mar 17 20:07:58 2023 - ERROR - The case exit by code 12.
Fri Mar 17 20:08:09 2023 - INFO  - End to run testcase:oe_test_podman_23.
Fri Mar 17 20:08:09 2023 - INFO  - A total of 1 use cases were executed, with 0 successes and 1 failures.
Fri Mar 17 20:08:13 2023 - INFO  - start to run testcase:oe_test_podman_24.
Fri Mar 17 20:08:32 2023 - ERROR - The case exit by code 12.
Fri Mar 17 20:08:43 2023 - INFO  - End to run testcase:oe_test_podman_24.
Fri Mar 17 20:08:43 2023 - INFO  - A total of 1 use cases were executed, with 0 successes and 1 failures.
Fri Mar 17 20:08:47 2023 - INFO  - start to run testcase:oe_test_podman_25.
Fri Mar 17 20:09:03 2023 - ERROR - The case exit by code 10.
Fri Mar 17 20:09:14 2023 - INFO  - End to run testcase:oe_test_podman_25.
Fri Mar 17 20:09:15 2023 - INFO  - A total of 1 use cases were executed, with 0 successes and 1 failures.
Fri Mar 17 20:09:18 2023 - INFO  - start to run testcase:oe_test_podman_26.
Fri Mar 17 20:09:36 2023 - ERROR - The case exit by code 11.
Fri Mar 17 20:09:47 2023 - INFO  - End to run testcase:oe_test_podman_26.
Fri Mar 17 20:09:47 2023 - INFO  - A total of 1 use cases were executed, with 0 successes and 1 failures.
Fri Mar 17 20:09:51 2023 - INFO  - start to run testcase:oe_test_podman_27.
Fri Mar 17 20:10:07 2023 - ERROR - The case exit by code 7.
Fri Mar 17 20:10:18 2023 - INFO  - End to run testcase:oe_test_podman_27.
Fri Mar 17 20:10:19 2023 - INFO  - A total of 1 use cases were executed, with 0 successes and 1 failures.
Fri Mar 17 20:10:23 2023 - INFO  - start to run testcase:oe_test_podman_28.
Fri Mar 17 20:10:38 2023 - ERROR - The case exit by code 9.
Fri Mar 17 20:10:49 2023 - INFO  - End to run testcase:oe_test_podman_28.
Fri Mar 17 20:10:50 2023 - INFO  - A total of 1 use cases were executed, with 0 successes and 1 failures.
Fri Mar 17 20:10:53 2023 - INFO  - start to run testcase:oe_test_podman_DK_01.
Fri Mar 17 20:11:09 2023 - ERROR - The case exit by code 8.
Fri Mar 17 20:11:19 2023 - INFO  - End to run testcase:oe_test_podman_DK_01.
Fri Mar 17 20:11:20 2023 - INFO  - A total of 1 use cases were executed, with 0 successes and 1 failures.
Fri Mar 17 20:11:24 2023 - INFO  - start to run testcase:oe_test_podman_DK_02.
Fri Mar 17 20:11:42 2023 - ERROR - The case exit by code 14.
Fri Mar 17 20:11:53 2023 - INFO  - End to run testcase:oe_test_podman_DK_02.
Fri Mar 17 20:11:53 2023 - INFO  - A total of 1 use cases were executed, with 0 successes and 1 failures.
Fri Mar 17 20:11:57 2023 - INFO  - start to run testcase:oe_test_podman_DK_03.
Fri Mar 17 20:12:15 2023 - ERROR - The case exit by code 12.
Fri Mar 17 20:12:25 2023 - INFO  - End to run testcase:oe_test_podman_DK_03.
Fri Mar 17 20:12:26 2023 - INFO  - A total of 1 use cases were executed, with 0 successes and 1 failures.
Fri Mar 17 20:12:30 2023 - INFO  - start to run testcase:oe_test_podman_DK_04.
Fri Mar 17 20:12:47 2023 - ERROR - The case exit by code 12.
Fri Mar 17 20:12:58 2023 - INFO  - End to run testcase:oe_test_podman_DK_04.
Fri Mar 17 20:12:58 2023 - INFO  - A total of 1 use cases were executed, with 0 successes and 1 failures.
Fri Mar 17 20:13:02 2023 - INFO  - start to run testcase:oe_test_podman_DK_05.
Fri Mar 17 20:13:19 2023 - ERROR - The case exit by code 10.
Fri Mar 17 20:13:30 2023 - INFO  - End to run testcase:oe_test_podman_DK_05.
Fri Mar 17 20:13:30 2023 - INFO  - A total of 1 use cases were executed, with 0 successes and 1 failures.
Fri Mar 17 20:13:34 2023 - INFO  - start to run testcase:oe_test_podman_DK_06.
Fri Mar 17 20:13:51 2023 - ERROR - The case exit by code 10.
Fri Mar 17 20:14:01 2023 - INFO  - End to run testcase:oe_test_podman_DK_06.
Fri Mar 17 20:14:02 2023 - INFO  - A total of 1 use cases were executed, with 0 successes and 1 failures.
Fri Mar 17 20:14:06 2023 - INFO  - start to run testcase:oe_test_podman_DK_07.
Fri Mar 17 20:14:26 2023 - ERROR - The case exit by code 13.
Fri Mar 17 20:14:37 2023 - INFO  - End to run testcase:oe_test_podman_DK_07.
Fri Mar 17 20:14:37 2023 - INFO  - A total of 1 use cases were executed, with 0 successes and 1 failures.
Fri Mar 17 20:14:41 2023 - INFO  - start to run testcase:oe_test_podman_DK_08.
Fri Mar 17 20:14:58 2023 - ERROR - The case exit by code 11.
Fri Mar 17 20:15:09 2023 - INFO  - End to run testcase:oe_test_podman_DK_08.
Fri Mar 17 20:15:10 2023 - INFO  - A total of 1 use cases were executed, with 0 successes and 1 failures.
Fri Mar 17 20:15:13 2023 - INFO  - start to run testcase:oe_test_podman_DK_09.
Fri Mar 17 20:45:15 2023 - WARN  - The case execution timeout.
Fri Mar 17 20:45:16 2023 - ERROR - The case exit by code 143.
Fri Mar 17 20:45:26 2023 - INFO  - End to run testcase:oe_test_podman_DK_09.
Fri Mar 17 20:45:27 2023 - INFO  - A total of 1 use cases were executed, with 0 successes and 1 failures.
Fri Mar 17 20:45:31 2023 - INFO  - start to run testcase:oe_test_podman_DK_10.
Fri Mar 17 20:45:46 2023 - ERROR - The case exit by code 9.
Fri Mar 17 20:45:57 2023 - INFO  - End to run testcase:oe_test_podman_DK_10.
Fri Mar 17 20:45:58 2023 - INFO  - A total of 1 use cases were executed, with 0 successes and 1 failures.
Fri Mar 17 20:46:01 2023 - INFO  - start to run testcase:oe_test_podman_DK_11.
Fri Mar 17 20:46:17 2023 - ERROR - The case exit by code 8.
Fri Mar 17 20:46:28 2023 - INFO  - End to run testcase:oe_test_podman_DK_11.
Fri Mar 17 20:46:28 2023 - INFO  - A total of 1 use cases were executed, with 0 successes and 1 failures.
Fri Mar 17 20:46:32 2023 - INFO  - start to run testcase:oe_test_podman_DK_12.
Fri Mar 17 20:46:48 2023 - ERROR - The case exit by code 9.
Fri Mar 17 20:46:59 2023 - INFO  - End to run testcase:oe_test_podman_DK_12.
Fri Mar 17 20:47:00 2023 - INFO  - A total of 1 use cases were executed, with 0 successes and 1 failures.
Fri Mar 17 20:47:04 2023 - INFO  - start to run testcase:oe_test_podman_DK_13.
Fri Mar 17 20:47:20 2023 - ERROR - The case exit by code 9.
Fri Mar 17 20:47:31 2023 - INFO  - End to run testcase:oe_test_podman_DK_13.
Fri Mar 17 20:47:31 2023 - INFO  - A total of 1 use cases were executed, with 0 successes and 1 failures.
Fri Mar 17 20:47:35 2023 - INFO  - start to run testcase:oe_test_podman_DK_14.
Fri Mar 17 20:47:52 2023 - ERROR - The case exit by code 11.
Fri Mar 17 20:48:03 2023 - INFO  - End to run testcase:oe_test_podman_DK_14.
Fri Mar 17 20:48:03 2023 - INFO  - A total of 1 use cases were executed, with 0 successes and 1 failures.
Fri Mar 17 20:48:07 2023 - INFO  - start to run testcase:oe_test_podman_DK_15.
Fri Mar 17 20:48:23 2023 - ERROR - The case exit by code 9.
Fri Mar 17 20:48:34 2023 - INFO  - End to run testcase:oe_test_podman_DK_15.
Fri Mar 17 20:48:35 2023 - INFO  - A total of 1 use cases were executed, with 0 successes and 1 failures.
Fri Mar 17 20:48:39 2023 - INFO  - start to run testcase:oe_test_podman_DK_16.
Fri Mar 17 20:48:56 2023 - ERROR - The case exit by code 10.
Fri Mar 17 20:49:07 2023 - INFO  - End to run testcase:oe_test_podman_DK_16.
Fri Mar 17 20:49:07 2023 - INFO  - A total of 1 use cases were executed, with 0 successes and 1 failures.
Fri Mar 17 20:49:11 2023 - INFO  - start to run testcase:oe_test_podman_DK_17.
Fri Mar 17 20:49:27 2023 - ERROR - The case exit by code 9.
Fri Mar 17 20:49:38 2023 - INFO  - End to run testcase:oe_test_podman_DK_17.
Fri Mar 17 20:49:38 2023 - INFO  - A total of 1 use cases were executed, with 0 successes and 1 failures.
Fri Mar 17 20:49:42 2023 - INFO  - start to run testcase:oe_test_podman_DK_18.
Fri Mar 17 20:50:00 2023 - ERROR - The case exit by code 8.
Fri Mar 17 20:50:10 2023 - INFO  - End to run testcase:oe_test_podman_DK_18.
Fri Mar 17 20:50:11 2023 - INFO  - A total of 1 use cases were executed, with 0 successes and 1 failures.
Fri Mar 17 20:50:15 2023 - INFO  - start to run testcase:oe_test_podman_DK_19.
Fri Mar 17 20:50:33 2023 - ERROR - The case exit by code 12.
Fri Mar 17 20:50:44 2023 - INFO  - End to run testcase:oe_test_podman_DK_19.
Fri Mar 17 20:50:45 2023 - INFO  - A total of 1 use cases were executed, with 0 successes and 1 failures.
Fri Mar 17 20:50:49 2023 - INFO  - start to run testcase:oe_test_podman_DK_20.
Fri Mar 17 20:51:03 2023 - ERROR - The case exit by code 5.
Fri Mar 17 20:51:14 2023 - INFO  - End to run testcase:oe_test_podman_DK_20.
Fri Mar 17 20:51:14 2023 - INFO  - A total of 1 use cases were executed, with 0 successes and 1 failures.
Fri Mar 17 20:51:18 2023 - INFO  - start to run testcase:oe_test_podman_DK_21.
Fri Mar 17 20:51:37 2023 - ERROR - The case exit by code 14.
Fri Mar 17 20:51:48 2023 - INFO  - End to run testcase:oe_test_podman_DK_21.
Fri Mar 17 20:51:48 2023 - INFO  - A total of 1 use cases were executed, with 0 successes and 1 failures.
Fri Mar 17 20:51:52 2023 - INFO  - start to run testcase:oe_test_podman_DK_22.
Fri Mar 17 20:52:12 2023 - ERROR - The case exit by code 14.
Fri Mar 17 20:52:23 2023 - INFO  - End to run testcase:oe_test_podman_DK_22.
Fri Mar 17 20:52:23 2023 - INFO  - A total of 1 use cases were executed, with 0 successes and 1 failures.
Fri Mar 17 20:52:27 2023 - INFO  - start to run testcase:oe_test_podman_DK_23.
Fri Mar 17 20:52:46 2023 - ERROR - The case exit by code 12.
Fri Mar 17 20:52:56 2023 - INFO  - End to run testcase:oe_test_podman_DK_23.
Fri Mar 17 20:52:57 2023 - INFO  - A total of 1 use cases were executed, with 0 successes and 1 failures.
Fri Mar 17 20:53:01 2023 - INFO  - start to run testcase:oe_test_podman_DK_24.
Fri Mar 17 20:53:19 2023 - ERROR - The case exit by code 12.
Fri Mar 17 20:53:30 2023 - INFO  - End to run testcase:oe_test_podman_DK_24.
Fri Mar 17 20:53:30 2023 - INFO  - A total of 1 use cases were executed, with 0 successes and 1 failures.
Fri Mar 17 20:53:34 2023 - INFO  - start to run testcase:oe_test_podman_DK_25.
Fri Mar 17 20:53:51 2023 - ERROR - The case exit by code 10.
Fri Mar 17 20:54:02 2023 - INFO  - End to run testcase:oe_test_podman_DK_25.
Fri Mar 17 20:54:02 2023 - INFO  - A total of 1 use cases were executed, with 0 successes and 1 failures.
Fri Mar 17 20:54:06 2023 - INFO  - start to run testcase:oe_test_podman_DK_26.
Fri Mar 17 20:54:24 2023 - ERROR - The case exit by code 11.
Fri Mar 17 20:54:35 2023 - INFO  - End to run testcase:oe_test_podman_DK_26.
Fri Mar 17 20:54:35 2023 - INFO  - A total of 1 use cases were executed, with 0 successes and 1 failures.
Fri Mar 17 20:54:39 2023 - INFO  - start to run testcase:oe_test_podman_DK_27.
Fri Mar 17 20:54:55 2023 - ERROR - The case exit by code 7.
Fri Mar 17 20:55:06 2023 - INFO  - End to run testcase:oe_test_podman_DK_27.
Fri Mar 17 20:55:06 2023 - INFO  - A total of 1 use cases were executed, with 0 successes and 1 failures.
Fri Mar 17 20:55:10 2023 - INFO  - start to run testcase:oe_test_podman_DK_28.
Fri Mar 17 20:55:26 2023 - ERROR - The case exit by code 9.
Fri Mar 17 20:55:37 2023 - INFO  - End to run testcase:oe_test_podman_DK_28.
Fri Mar 17 20:55:38 2023 - INFO  - A total of 1 use cases were executed, with 0 successes and 1 failures.
