Fri Mar 17 19:15:25 2023 - INFO  - start to run testcase:oe_test_phar.
Fri Mar 17 19:15:39 2023 - ERROR - The case exit by code 1.
Fri Mar 17 19:15:50 2023 - INFO  - End to run testcase:oe_test_phar.
Fri Mar 17 19:15:50 2023 - INFO  - A total of 1 use cases were executed, with 0 successes and 1 failures.
Fri Mar 17 19:15:54 2023 - INFO  - start to run testcase:oe_test_phar_phar.
Fri Mar 17 19:16:07 2023 - ERROR - The case exit by code 1.
Fri Mar 17 19:16:17 2023 - INFO  - End to run testcase:oe_test_phar_phar.
Fri Mar 17 19:16:18 2023 - INFO  - A total of 1 use cases were executed, with 0 successes and 1 failures.
Fri Mar 17 19:16:22 2023 - INFO  - start to run testcase:oe_test_php.
Fri Mar 17 19:16:45 2023 - ERROR - The case exit by code 20.
Fri Mar 17 19:16:56 2023 - INFO  - End to run testcase:oe_test_php.
Fri Mar 17 19:16:57 2023 - INFO  - A total of 1 use cases were executed, with 0 successes and 1 failures.
Fri Mar 17 19:17:01 2023 - INFO  - start to run testcase:oe_test_php-cgi_phpize.
Fri Mar 17 19:17:22 2023 - ERROR - The case exit by code 17.
Fri Mar 17 19:17:33 2023 - INFO  - End to run testcase:oe_test_php-cgi_phpize.
Fri Mar 17 19:17:34 2023 - INFO  - A total of 1 use cases were executed, with 0 successes and 1 failures.
Fri Mar 17 19:17:37 2023 - INFO  - start to run testcase:oe_test_php-config.
Fri Mar 17 19:17:56 2023 - ERROR - The case exit by code 13.
Fri Mar 17 19:18:06 2023 - INFO  - End to run testcase:oe_test_php-config.
Fri Mar 17 19:18:07 2023 - INFO  - A total of 1 use cases were executed, with 0 successes and 1 failures.
Fri Mar 17 19:18:11 2023 - INFO  - start to run testcase:oe_test_phpdbg.
Fri Mar 17 19:18:23 2023 - ERROR - The case exit by code 1.
Fri Mar 17 19:18:34 2023 - INFO  - End to run testcase:oe_test_phpdbg.
Fri Mar 17 19:18:34 2023 - INFO  - A total of 1 use cases were executed, with 0 successes and 1 failures.
Fri Mar 17 19:18:38 2023 - INFO  - start to run testcase:oe_test_php-fpm.
Fri Mar 17 19:18:55 2023 - ERROR - The case exit by code 5.
Fri Mar 17 19:19:05 2023 - INFO  - End to run testcase:oe_test_php-fpm.
Fri Mar 17 19:19:06 2023 - INFO  - A total of 1 use cases were executed, with 0 successes and 1 failures.
Fri Mar 17 19:19:10 2023 - INFO  - start to run testcase:oe_test_service_php-fpm.
Fri Mar 17 19:20:02 2023 - ERROR - The case exit by code 8.
Fri Mar 17 19:20:13 2023 - INFO  - End to run testcase:oe_test_service_php-fpm.
Fri Mar 17 19:20:13 2023 - INFO  - A total of 1 use cases were executed, with 0 successes and 1 failures.
