Fri Mar 17 09:40:48 2023 - INFO  - start to run testcase:oe_test_service_acpid.
Fri Mar 17 09:43:55 2023 - ERROR - The case exit by code 1.
Fri Mar 17 09:44:06 2023 - INFO  - End to run testcase:oe_test_service_acpid.
Fri Mar 17 09:44:07 2023 - INFO  - A total of 1 use cases were executed, with 0 successes and 1 failures.
Fri Mar 17 09:44:11 2023 - INFO  - start to run testcase:oe_test_socket_acpid.
Fri Mar 17 09:46:54 2023 - ERROR - The case exit by code 2.
Fri Mar 17 09:47:05 2023 - INFO  - End to run testcase:oe_test_socket_acpid.
Fri Mar 17 09:47:05 2023 - INFO  - A total of 1 use cases were executed, with 0 successes and 1 failures.
Fri Mar 17 09:47:09 2023 - INFO  - start to run testcase:oe_test_acpid_01.
Fri Mar 17 09:49:29 2023 - INFO  - The case exit by code 0.
Fri Mar 17 09:49:40 2023 - INFO  - End to run testcase:oe_test_acpid_01.
Fri Mar 17 09:49:40 2023 - INFO  - A total of 1 use cases were executed, with 1 successes and 0 failures.
Fri Mar 17 09:49:44 2023 - INFO  - start to run testcase:oe_test_acpid_02.
Fri Mar 17 09:52:24 2023 - INFO  - The case exit by code 0.
Fri Mar 17 09:52:35 2023 - INFO  - End to run testcase:oe_test_acpid_02.
Fri Mar 17 09:52:36 2023 - INFO  - A total of 1 use cases were executed, with 1 successes and 0 failures.
Fri Mar 17 09:52:39 2023 - INFO  - start to run testcase:oe_test_acpid_03.
Fri Mar 17 09:54:56 2023 - INFO  - The case exit by code 0.
Fri Mar 17 09:55:07 2023 - INFO  - End to run testcase:oe_test_acpid_03.
Fri Mar 17 09:55:08 2023 - INFO  - A total of 1 use cases were executed, with 1 successes and 0 failures.
