Fri Mar 17 17:41:41 2023 - INFO  - start to run testcase:oe_test_service_auth-rpcgss-module.
Fri Mar 17 17:42:20 2023 - ERROR - The case exit by code 7.
Fri Mar 17 17:42:31 2023 - INFO  - End to run testcase:oe_test_service_auth-rpcgss-module.
Fri Mar 17 17:42:32 2023 - INFO  - A total of 1 use cases were executed, with 0 successes and 1 failures.
Fri Mar 17 17:42:36 2023 - INFO  - start to run testcase:oe_test_service_nfs-blkmap.
Fri Mar 17 17:43:13 2023 - ERROR - The case exit by code 7.
Fri Mar 17 17:43:23 2023 - INFO  - End to run testcase:oe_test_service_nfs-blkmap.
Fri Mar 17 17:43:24 2023 - INFO  - A total of 1 use cases were executed, with 0 successes and 1 failures.
Fri Mar 17 17:43:28 2023 - INFO  - start to run testcase:oe_test_service_nfsdcld.
Fri Mar 17 17:44:06 2023 - ERROR - The case exit by code 7.
Fri Mar 17 17:44:17 2023 - INFO  - End to run testcase:oe_test_service_nfsdcld.
Fri Mar 17 17:44:17 2023 - INFO  - A total of 1 use cases were executed, with 0 successes and 1 failures.
Fri Mar 17 17:44:21 2023 - INFO  - start to run testcase:oe_test_service_nfs-idmapd.
Fri Mar 17 17:44:59 2023 - ERROR - The case exit by code 7.
Fri Mar 17 17:45:10 2023 - INFO  - End to run testcase:oe_test_service_nfs-idmapd.
Fri Mar 17 17:45:10 2023 - INFO  - A total of 1 use cases were executed, with 0 successes and 1 failures.
Fri Mar 17 17:45:15 2023 - INFO  - start to run testcase:oe_test_service_nfs-idmap.
Fri Mar 17 17:45:52 2023 - ERROR - The case exit by code 7.
Fri Mar 17 17:46:02 2023 - INFO  - End to run testcase:oe_test_service_nfs-idmap.
Fri Mar 17 17:46:03 2023 - INFO  - A total of 1 use cases were executed, with 0 successes and 1 failures.
Fri Mar 17 17:46:07 2023 - INFO  - start to run testcase:oe_test_service_nfs-lock.
Fri Mar 17 17:46:43 2023 - ERROR - The case exit by code 7.
Fri Mar 17 17:46:54 2023 - INFO  - End to run testcase:oe_test_service_nfs-lock.
Fri Mar 17 17:46:55 2023 - INFO  - A total of 1 use cases were executed, with 0 successes and 1 failures.
Fri Mar 17 17:46:59 2023 - INFO  - start to run testcase:oe_test_service_nfs-mountd.
Fri Mar 17 17:47:37 2023 - ERROR - The case exit by code 7.
Fri Mar 17 17:47:47 2023 - INFO  - End to run testcase:oe_test_service_nfs-mountd.
Fri Mar 17 17:47:48 2023 - INFO  - A total of 1 use cases were executed, with 0 successes and 1 failures.
Fri Mar 17 17:47:52 2023 - INFO  - start to run testcase:oe_test_service_nfs-secure.
Fri Mar 17 17:48:30 2023 - ERROR - The case exit by code 7.
Fri Mar 17 17:48:40 2023 - INFO  - End to run testcase:oe_test_service_nfs-secure.
Fri Mar 17 17:48:41 2023 - INFO  - A total of 1 use cases were executed, with 0 successes and 1 failures.
Fri Mar 17 17:48:45 2023 - INFO  - start to run testcase:oe_test_service_nfs-server.
Fri Mar 17 17:49:33 2023 - ERROR - The case exit by code 8.
Fri Mar 17 17:49:44 2023 - INFO  - End to run testcase:oe_test_service_nfs-server.
Fri Mar 17 17:49:44 2023 - INFO  - A total of 1 use cases were executed, with 0 successes and 1 failures.
Fri Mar 17 17:49:48 2023 - INFO  - start to run testcase:oe_test_service_nfs.
Fri Mar 17 17:50:37 2023 - ERROR - The case exit by code 8.
Fri Mar 17 17:50:48 2023 - INFO  - End to run testcase:oe_test_service_nfs.
Fri Mar 17 17:50:49 2023 - INFO  - A total of 1 use cases were executed, with 0 successes and 1 failures.
Fri Mar 17 17:50:53 2023 - INFO  - start to run testcase:oe_test_service_nfs-utils.
Fri Mar 17 17:51:30 2023 - ERROR - The case exit by code 7.
Fri Mar 17 17:51:41 2023 - INFO  - End to run testcase:oe_test_service_nfs-utils.
Fri Mar 17 17:51:41 2023 - INFO  - A total of 1 use cases were executed, with 0 successes and 1 failures.
Fri Mar 17 17:51:45 2023 - INFO  - start to run testcase:oe_test_service_rpc-gssd.
Fri Mar 17 17:52:24 2023 - ERROR - The case exit by code 7.
Fri Mar 17 17:52:34 2023 - INFO  - End to run testcase:oe_test_service_rpc-gssd.
Fri Mar 17 17:52:35 2023 - INFO  - A total of 1 use cases were executed, with 0 successes and 1 failures.
Fri Mar 17 17:52:39 2023 - INFO  - start to run testcase:oe_test_service_rpc-statd-notify.
Fri Mar 17 17:53:15 2023 - ERROR - The case exit by code 7.
Fri Mar 17 17:53:26 2023 - INFO  - End to run testcase:oe_test_service_rpc-statd-notify.
Fri Mar 17 17:53:27 2023 - INFO  - A total of 1 use cases were executed, with 0 successes and 1 failures.
Fri Mar 17 17:53:30 2023 - INFO  - start to run testcase:oe_test_service_rpc-statd.
Fri Mar 17 17:54:08 2023 - ERROR - The case exit by code 7.
Fri Mar 17 17:54:19 2023 - INFO  - End to run testcase:oe_test_service_rpc-statd.
Fri Mar 17 17:54:19 2023 - INFO  - A total of 1 use cases were executed, with 0 successes and 1 failures.
Fri Mar 17 17:54:23 2023 - INFO  - start to run testcase:oe_test_target_nfs-client.
Fri Mar 17 17:55:00 2023 - ERROR - The case exit by code 7.
Fri Mar 17 17:55:11 2023 - INFO  - End to run testcase:oe_test_target_nfs-client.
Fri Mar 17 17:55:12 2023 - INFO  - A total of 1 use cases were executed, with 0 successes and 1 failures.
Fri Mar 17 17:55:15 2023 - INFO  - start to run testcase:oe_test_target_rpc_pipefs.
Fri Mar 17 17:55:52 2023 - ERROR - The case exit by code 7.
Fri Mar 17 17:56:02 2023 - INFO  - End to run testcase:oe_test_target_rpc_pipefs.
Fri Mar 17 17:56:03 2023 - INFO  - A total of 1 use cases were executed, with 0 successes and 1 failures.
