Fri Mar 10 11:04:35 2023 - INFO  - start to run testcase:oe_test_dnf_alias.
Fri Mar 10 11:05:07 2023 - ERROR - The case exit by code 5.
Fri Mar 10 11:05:18 2023 - INFO  - End to run testcase:oe_test_dnf_alias.
Fri Mar 10 11:05:18 2023 - INFO  - A total of 1 use cases were executed, with 0 successes and 1 failures.
Fri Mar 10 11:05:22 2023 - INFO  - start to run testcase:oe_test_dnf_all-repos.
Fri Mar 10 11:05:32 2023 - ERROR - The case exit by code 5.
Fri Mar 10 11:05:42 2023 - INFO  - End to run testcase:oe_test_dnf_all-repos.
Fri Mar 10 11:05:43 2023 - INFO  - A total of 1 use cases were executed, with 0 successes and 1 failures.
Fri Mar 10 11:05:47 2023 - INFO  - start to run testcase:oe_test_dnf_assumeno_autoremove.
Fri Mar 10 11:06:07 2023 - ERROR - The case exit by code 9.
Fri Mar 10 11:06:18 2023 - INFO  - End to run testcase:oe_test_dnf_assumeno_autoremove.
Fri Mar 10 11:06:18 2023 - INFO  - A total of 1 use cases were executed, with 0 successes and 1 failures.
Fri Mar 10 11:06:22 2023 - INFO  - start to run testcase:oe_test_dnf_automatic.
Fri Mar 10 11:06:47 2023 - ERROR - The case exit by code 18.
Fri Mar 10 11:06:58 2023 - INFO  - End to run testcase:oe_test_dnf_automatic.
Fri Mar 10 11:06:58 2023 - INFO  - A total of 1 use cases were executed, with 0 successes and 1 failures.
Fri Mar 10 11:07:02 2023 - INFO  - start to run testcase:oe_test_dnf_check_diffenert-packages.
Fri Mar 10 11:07:37 2023 - ERROR - The case exit by code 9.
Fri Mar 10 11:07:48 2023 - INFO  - End to run testcase:oe_test_dnf_check_diffenert-packages.
Fri Mar 10 11:07:48 2023 - INFO  - A total of 1 use cases were executed, with 0 successes and 1 failures.
Fri Mar 10 11:07:52 2023 - INFO  - start to run testcase:oe_test_dnf_makecache_clean.
Fri Mar 10 11:08:05 2023 - ERROR - The case exit by code 10.
Fri Mar 10 11:08:16 2023 - INFO  - End to run testcase:oe_test_dnf_makecache_clean.
Fri Mar 10 11:08:17 2023 - INFO  - A total of 1 use cases were executed, with 0 successes and 1 failures.
Fri Mar 10 11:08:20 2023 - INFO  - start to run testcase:oe_test_dnf_distro-sync_dnf-3.
Fri Mar 10 11:09:06 2023 - ERROR - The case exit by code 7.
Fri Mar 10 11:09:16 2023 - INFO  - End to run testcase:oe_test_dnf_distro-sync_dnf-3.
Fri Mar 10 11:09:17 2023 - INFO  - A total of 1 use cases were executed, with 0 successes and 1 failures.
Fri Mar 10 11:09:21 2023 - INFO  - start to run testcase:oe_test_dnf_enabled_enablerepo.
Fri Mar 10 11:09:32 2023 - ERROR - The case exit by code 6.
Fri Mar 10 11:09:43 2023 - INFO  - End to run testcase:oe_test_dnf_enabled_enablerepo.
Fri Mar 10 11:09:43 2023 - INFO  - A total of 1 use cases were executed, with 0 successes and 1 failures.
Fri Mar 10 11:09:47 2023 - INFO  - start to run testcase:oe_test_service_dnf-automatic-download.
Fri Mar 10 11:09:59 2023 - INFO  - The case exit by code 0.
Fri Mar 10 11:10:10 2023 - INFO  - End to run testcase:oe_test_service_dnf-automatic-download.
Fri Mar 10 11:10:10 2023 - INFO  - A total of 1 use cases were executed, with 1 successes and 0 failures.
Fri Mar 10 11:10:14 2023 - INFO  - start to run testcase:oe_test_service_dnf-automatic-install.
Fri Mar 10 11:10:26 2023 - INFO  - The case exit by code 0.
Fri Mar 10 11:10:37 2023 - INFO  - End to run testcase:oe_test_service_dnf-automatic-install.
Fri Mar 10 11:10:37 2023 - INFO  - A total of 1 use cases were executed, with 1 successes and 0 failures.
Fri Mar 10 11:10:41 2023 - INFO  - start to run testcase:oe_test_service_dnf-automatic-notifyonly.
Fri Mar 10 11:10:53 2023 - INFO  - The case exit by code 0.
Fri Mar 10 11:11:04 2023 - INFO  - End to run testcase:oe_test_service_dnf-automatic-notifyonly.
Fri Mar 10 11:11:04 2023 - INFO  - A total of 1 use cases were executed, with 1 successes and 0 failures.
Fri Mar 10 11:11:08 2023 - INFO  - start to run testcase:oe_test_service_dnf-automatic.
Fri Mar 10 11:11:20 2023 - INFO  - The case exit by code 0.
Fri Mar 10 11:11:31 2023 - INFO  - End to run testcase:oe_test_service_dnf-automatic.
Fri Mar 10 11:11:31 2023 - INFO  - A total of 1 use cases were executed, with 1 successes and 0 failures.
Fri Mar 10 11:11:35 2023 - INFO  - start to run testcase:oe_test_service_dnf-makecache.
Fri Mar 10 11:11:43 2023 - INFO  - The case exit by code 0.
Fri Mar 10 11:11:54 2023 - INFO  - End to run testcase:oe_test_service_dnf-makecache.
Fri Mar 10 11:11:54 2023 - INFO  - A total of 1 use cases were executed, with 1 successes and 0 failures.
Fri Mar 10 11:11:58 2023 - INFO  - start to run testcase:oe_test_dnf_enhancement_exclude.
Fri Mar 10 11:12:12 2023 - ERROR - The case exit by code 7.
Fri Mar 10 11:12:23 2023 - INFO  - End to run testcase:oe_test_dnf_enhancement_exclude.
Fri Mar 10 11:12:23 2023 - INFO  - A total of 1 use cases were executed, with 0 successes and 1 failures.
Fri Mar 10 11:12:27 2023 - INFO  - start to run testcase:oe_test_dnf_help_history_info.
Fri Mar 10 11:13:12 2023 - ERROR - The case exit by code 6.
Fri Mar 10 11:13:23 2023 - INFO  - End to run testcase:oe_test_dnf_help_history_info.
Fri Mar 10 11:13:23 2023 - INFO  - A total of 1 use cases were executed, with 0 successes and 1 failures.
Fri Mar 10 11:13:27 2023 - INFO  - start to run testcase:oe_test_dnf_list_mark.
Fri Mar 10 11:14:01 2023 - ERROR - The case exit by code 13.
Fri Mar 10 11:14:12 2023 - INFO  - End to run testcase:oe_test_dnf_list_mark.
Fri Mar 10 11:14:13 2023 - INFO  - A total of 1 use cases were executed, with 0 successes and 1 failures.
Fri Mar 10 11:14:16 2023 - INFO  - start to run testcase:oe_test_dnf_nobest_nodocs_nogpgcheck.
Fri Mar 10 11:15:01 2023 - ERROR - The case exit by code 5.
Fri Mar 10 11:15:12 2023 - INFO  - End to run testcase:oe_test_dnf_nobest_nodocs_nogpgcheck.
Fri Mar 10 11:15:12 2023 - INFO  - A total of 1 use cases were executed, with 0 successes and 1 failures.
Fri Mar 10 11:15:17 2023 - INFO  - start to run testcase:oe_test_dnf_priority.
Fri Mar 10 11:15:26 2023 - ERROR - The case exit by code 2.
Fri Mar 10 11:15:37 2023 - INFO  - End to run testcase:oe_test_dnf_priority.
Fri Mar 10 11:15:37 2023 - INFO  - A total of 1 use cases were executed, with 0 successes and 1 failures.
Fri Mar 10 11:15:41 2023 - INFO  - start to run testcase:oe_test_dnf_provides_randomwait.
Fri Mar 10 11:16:31 2023 - ERROR - The case exit by code 4.
Fri Mar 10 11:16:42 2023 - INFO  - End to run testcase:oe_test_dnf_provides_randomwait.
Fri Mar 10 11:16:43 2023 - INFO  - A total of 1 use cases were executed, with 0 successes and 1 failures.
Fri Mar 10 11:16:47 2023 - INFO  - start to run testcase:oe_test_dnf_reinstall_repoinfo.
Fri Mar 10 11:17:40 2023 - ERROR - The case exit by code 15.
Fri Mar 10 11:17:51 2023 - INFO  - End to run testcase:oe_test_dnf_reinstall_repoinfo.
Fri Mar 10 11:17:51 2023 - INFO  - A total of 1 use cases were executed, with 0 successes and 1 failures.
Fri Mar 10 11:17:55 2023 - INFO  - start to run testcase:oe_test_dnf_repeat-install.
Fri Mar 10 11:19:37 2023 - ERROR - The case exit by code 100.
Fri Mar 10 11:19:48 2023 - INFO  - End to run testcase:oe_test_dnf_repeat-install.
Fri Mar 10 11:19:48 2023 - INFO  - A total of 1 use cases were executed, with 0 successes and 1 failures.
Fri Mar 10 11:19:53 2023 - INFO  - start to run testcase:oe_test_dnf_repeat-upgrade-downgrade.
Fri Mar 10 11:49:54 2023 - WARN  - The case execution timeout.
Fri Mar 10 11:49:55 2023 - ERROR - The case exit by code 143.
Fri Mar 10 11:50:06 2023 - INFO  - End to run testcase:oe_test_dnf_repeat-upgrade-downgrade.
Fri Mar 10 11:50:06 2023 - INFO  - A total of 1 use cases were executed, with 0 successes and 1 failures.
