Fri Mar 17 13:01:14 2023 - INFO  - start to run testcase:oe_test_service_dracut-cmdline.
Fri Mar 17 13:01:20 2023 - INFO  - The case exit by code 0.
Fri Mar 17 13:01:31 2023 - INFO  - End to run testcase:oe_test_service_dracut-cmdline.
Fri Mar 17 13:01:31 2023 - INFO  - A total of 1 use cases were executed, with 1 successes and 0 failures.
Fri Mar 17 13:01:35 2023 - INFO  - start to run testcase:oe_test_service_dracut-initqueue.
Fri Mar 17 13:01:42 2023 - INFO  - The case exit by code 0.
Fri Mar 17 13:01:53 2023 - INFO  - End to run testcase:oe_test_service_dracut-initqueue.
Fri Mar 17 13:01:54 2023 - INFO  - A total of 1 use cases were executed, with 1 successes and 0 failures.
Fri Mar 17 13:01:57 2023 - INFO  - start to run testcase:oe_test_service_dracut-mount.
Fri Mar 17 13:02:03 2023 - INFO  - The case exit by code 0.
Fri Mar 17 13:02:14 2023 - INFO  - End to run testcase:oe_test_service_dracut-mount.
Fri Mar 17 13:02:14 2023 - INFO  - A total of 1 use cases were executed, with 1 successes and 0 failures.
Fri Mar 17 13:02:18 2023 - INFO  - start to run testcase:oe_test_service_dracut-pre-mount.
Fri Mar 17 13:02:24 2023 - INFO  - The case exit by code 0.
Fri Mar 17 13:02:34 2023 - INFO  - End to run testcase:oe_test_service_dracut-pre-mount.
Fri Mar 17 13:02:35 2023 - INFO  - A total of 1 use cases were executed, with 1 successes and 0 failures.
Fri Mar 17 13:02:38 2023 - INFO  - start to run testcase:oe_test_service_dracut-pre-pivot.
Fri Mar 17 13:02:44 2023 - INFO  - The case exit by code 0.
Fri Mar 17 13:02:55 2023 - INFO  - End to run testcase:oe_test_service_dracut-pre-pivot.
Fri Mar 17 13:02:55 2023 - INFO  - A total of 1 use cases were executed, with 1 successes and 0 failures.
Fri Mar 17 13:02:59 2023 - INFO  - start to run testcase:oe_test_service_dracut-pre-trigger.
Fri Mar 17 13:03:05 2023 - INFO  - The case exit by code 0.
Fri Mar 17 13:03:15 2023 - INFO  - End to run testcase:oe_test_service_dracut-pre-trigger.
Fri Mar 17 13:03:16 2023 - INFO  - A total of 1 use cases were executed, with 1 successes and 0 failures.
Fri Mar 17 13:03:19 2023 - INFO  - start to run testcase:oe_test_service_dracut-pre-udev.
Fri Mar 17 13:03:25 2023 - INFO  - The case exit by code 0.
Fri Mar 17 13:03:36 2023 - INFO  - End to run testcase:oe_test_service_dracut-pre-udev.
Fri Mar 17 13:03:36 2023 - INFO  - A total of 1 use cases were executed, with 1 successes and 0 failures.
Fri Mar 17 13:03:40 2023 - INFO  - start to run testcase:oe_test_service_dracut-shutdown.
Fri Mar 17 13:04:12 2023 - ERROR - The case exit by code 7.
Fri Mar 17 13:04:23 2023 - INFO  - End to run testcase:oe_test_service_dracut-shutdown.
Fri Mar 17 13:04:24 2023 - INFO  - A total of 1 use cases were executed, with 0 successes and 1 failures.
