Fri Mar 17 11:42:28 2023 - INFO  - start to run testcase:oe_test_ccmake.
Fri Mar 17 11:42:52 2023 - ERROR - The case exit by code 17.
Fri Mar 17 11:43:03 2023 - INFO  - End to run testcase:oe_test_ccmake.
Fri Mar 17 11:43:04 2023 - INFO  - A total of 1 use cases were executed, with 0 successes and 1 failures.
Fri Mar 17 11:43:08 2023 - INFO  - start to run testcase:oe_test_ccmake3.
Fri Mar 17 11:43:30 2023 - ERROR - The case exit by code 17.
Fri Mar 17 11:43:41 2023 - INFO  - End to run testcase:oe_test_ccmake3.
Fri Mar 17 11:43:41 2023 - INFO  - A total of 1 use cases were executed, with 0 successes and 1 failures.
Fri Mar 17 11:43:45 2023 - INFO  - start to run testcase:oe_test_cmake.
Fri Mar 17 11:44:16 2023 - ERROR - The case exit by code 36.
Fri Mar 17 11:44:27 2023 - INFO  - End to run testcase:oe_test_cmake.
Fri Mar 17 11:44:27 2023 - INFO  - A total of 1 use cases were executed, with 0 successes and 1 failures.
Fri Mar 17 11:44:31 2023 - INFO  - start to run testcase:oe_test_cmake3.
Fri Mar 17 11:45:01 2023 - ERROR - The case exit by code 36.
Fri Mar 17 11:45:12 2023 - INFO  - End to run testcase:oe_test_cmake3.
Fri Mar 17 11:45:12 2023 - INFO  - A total of 1 use cases were executed, with 0 successes and 1 failures.
Fri Mar 17 11:45:16 2023 - INFO  - start to run testcase:oe_test_cpack.
Fri Mar 17 11:45:43 2023 - ERROR - The case exit by code 30.
Fri Mar 17 11:45:54 2023 - INFO  - End to run testcase:oe_test_cpack.
Fri Mar 17 11:45:54 2023 - INFO  - A total of 1 use cases were executed, with 0 successes and 1 failures.
Fri Mar 17 11:45:58 2023 - INFO  - start to run testcase:oe_test_cpack3.
Fri Mar 17 11:46:29 2023 - ERROR - The case exit by code 30.
Fri Mar 17 11:46:39 2023 - INFO  - End to run testcase:oe_test_cpack3.
Fri Mar 17 11:46:40 2023 - INFO  - A total of 1 use cases were executed, with 0 successes and 1 failures.
Fri Mar 17 11:46:43 2023 - INFO  - start to run testcase:oe_test_ctest.
Fri Mar 17 11:47:14 2023 - ERROR - The case exit by code 34.
Fri Mar 17 11:47:25 2023 - INFO  - End to run testcase:oe_test_ctest.
Fri Mar 17 11:47:25 2023 - INFO  - A total of 1 use cases were executed, with 0 successes and 1 failures.
Fri Mar 17 11:47:29 2023 - INFO  - start to run testcase:oe_test_ctest3.
Fri Mar 17 11:48:00 2023 - ERROR - The case exit by code 34.
Fri Mar 17 11:48:11 2023 - INFO  - End to run testcase:oe_test_ctest3.
Fri Mar 17 11:48:11 2023 - INFO  - A total of 1 use cases were executed, with 0 successes and 1 failures.
