Fri Mar 17 10:08:48 2023 - INFO  - start to run testcase:oe_test_audit_monitor_file_access.
Fri Mar 17 10:38:50 2023 - WARN  - The case execution timeout.
Fri Mar 17 10:38:50 2023 - ERROR - The case exit by code 143.
Fri Mar 17 10:39:01 2023 - INFO  - End to run testcase:oe_test_audit_monitor_file_access.
Fri Mar 17 10:39:02 2023 - INFO  - A total of 1 use cases were executed, with 0 successes and 1 failures.
Fri Mar 17 10:39:06 2023 - INFO  - start to run testcase:oe_test_audit_monitor_dictionary_access.
Fri Mar 17 10:39:17 2023 - ERROR - The case exit by code 4.
Fri Mar 17 10:39:28 2023 - INFO  - End to run testcase:oe_test_audit_monitor_dictionary_access.
Fri Mar 17 10:39:29 2023 - INFO  - A total of 1 use cases were executed, with 0 successes and 1 failures.
Fri Mar 17 10:39:32 2023 - INFO  - start to run testcase:oe_test_audit_monitor_system_use.
Fri Mar 17 10:39:45 2023 - ERROR - The case exit by code 4.
Fri Mar 17 10:39:56 2023 - INFO  - End to run testcase:oe_test_audit_monitor_system_use.
Fri Mar 17 10:39:57 2023 - INFO  - A total of 1 use cases were executed, with 0 successes and 1 failures.
Fri Mar 17 10:40:00 2023 - INFO  - start to run testcase:oe_test_audit_monitor_do_command.
Fri Mar 17 10:40:12 2023 - ERROR - The case exit by code 4.
Fri Mar 17 10:40:23 2023 - INFO  - End to run testcase:oe_test_audit_monitor_do_command.
Fri Mar 17 10:40:23 2023 - INFO  - A total of 1 use cases were executed, with 0 successes and 1 failures.
Fri Mar 17 10:40:27 2023 - INFO  - start to run testcase:oe_test_audit_monitor_security_event.
Fri Mar 17 10:40:52 2023 - INFO  - The case exit by code 0.
Fri Mar 17 10:41:03 2023 - INFO  - End to run testcase:oe_test_audit_monitor_security_event.
Fri Mar 17 10:41:03 2023 - INFO  - A total of 1 use cases were executed, with 1 successes and 0 failures.
Fri Mar 17 10:41:06 2023 - INFO  - start to run testcase:oe_test_audit_monitor_network_visit.
Fri Mar 17 10:41:17 2023 - ERROR - The case exit by code 2.
Fri Mar 17 10:41:28 2023 - INFO  - End to run testcase:oe_test_audit_monitor_network_visit.
Fri Mar 17 10:41:29 2023 - INFO  - A total of 1 use cases were executed, with 0 successes and 1 failures.
Fri Mar 17 10:41:32 2023 - INFO  - start to run testcase:oe_test_audit_track_designated_access.
Fri Mar 17 10:41:39 2023 - ERROR - The case exit by code 2.
Fri Mar 17 10:41:50 2023 - INFO  - End to run testcase:oe_test_audit_track_designated_access.
Fri Mar 17 10:41:51 2023 - INFO  - A total of 1 use cases were executed, with 0 successes and 1 failures.
Fri Mar 17 10:41:54 2023 - INFO  - start to run testcase:oe_test_audit_use_d_audit.
Fri Mar 17 10:42:04 2023 - ERROR - The case exit by code 4.
Fri Mar 17 10:42:14 2023 - INFO  - End to run testcase:oe_test_audit_use_d_audit.
Fri Mar 17 10:42:15 2023 - INFO  - A total of 1 use cases were executed, with 0 successes and 1 failures.
Fri Mar 17 10:42:19 2023 - INFO  - start to run testcase:oe_test_audit_use_w_audit.
Fri Mar 17 10:42:27 2023 - ERROR - The case exit by code 3.
Fri Mar 17 10:42:38 2023 - INFO  - End to run testcase:oe_test_audit_use_w_audit.
Fri Mar 17 10:42:39 2023 - INFO  - A total of 1 use cases were executed, with 0 successes and 1 failures.
Fri Mar 17 10:42:43 2023 - INFO  - start to run testcase:oe_test_audit_rule_contact_strategy.
Fri Mar 17 10:43:15 2023 - ERROR - The case exit by code 5.
Fri Mar 17 10:43:26 2023 - INFO  - End to run testcase:oe_test_audit_rule_contact_strategy.
Fri Mar 17 10:43:27 2023 - INFO  - A total of 1 use cases were executed, with 0 successes and 1 failures.
Fri Mar 17 10:43:31 2023 - INFO  - start to run testcase:oe_test_audit_rule_conflict_strategy.
Fri Mar 17 10:43:46 2023 - ERROR - The case exit by code 6.
Fri Mar 17 10:43:57 2023 - INFO  - End to run testcase:oe_test_audit_rule_conflict_strategy.
Fri Mar 17 10:43:58 2023 - INFO  - A total of 1 use cases were executed, with 0 successes and 1 failures.
Fri Mar 17 10:44:01 2023 - INFO  - start to run testcase:oe_test_audit_rule_fetch_from_rule.
Fri Mar 17 10:44:10 2023 - ERROR - The case exit by code 2.
Fri Mar 17 10:44:21 2023 - INFO  - End to run testcase:oe_test_audit_rule_fetch_from_rule.
Fri Mar 17 10:44:22 2023 - INFO  - A total of 1 use cases were executed, with 0 successes and 1 failures.
Fri Mar 17 10:44:25 2023 - INFO  - start to run testcase:oe_test_audit_fetch_file_in_order.
Fri Mar 17 10:44:43 2023 - ERROR - The case exit by code 3.
Fri Mar 17 10:44:54 2023 - INFO  - End to run testcase:oe_test_audit_fetch_file_in_order.
Fri Mar 17 10:44:54 2023 - INFO  - A total of 1 use cases were executed, with 0 successes and 1 failures.
Fri Mar 17 10:44:58 2023 - INFO  - start to run testcase:oe_test_audit_count_time.
Fri Mar 17 10:45:05 2023 - ERROR - The case exit by code 1.
Fri Mar 17 10:45:16 2023 - INFO  - End to run testcase:oe_test_audit_count_time.
Fri Mar 17 10:45:17 2023 - INFO  - A total of 1 use cases were executed, with 0 successes and 1 failures.
Fri Mar 17 10:45:20 2023 - INFO  - start to run testcase:oe_test_audit_count_number_of_event.
Fri Mar 17 10:45:28 2023 - ERROR - The case exit by code 2.
Fri Mar 17 10:45:39 2023 - INFO  - End to run testcase:oe_test_audit_count_number_of_event.
Fri Mar 17 10:45:39 2023 - INFO  - A total of 1 use cases were executed, with 0 successes and 1 failures.
Fri Mar 17 10:45:43 2023 - INFO  - start to run testcase:oe_test_audit_show_event_list.
Fri Mar 17 10:45:50 2023 - ERROR - The case exit by code 1.
Fri Mar 17 10:46:00 2023 - INFO  - End to run testcase:oe_test_audit_show_event_list.
Fri Mar 17 10:46:01 2023 - INFO  - A total of 1 use cases were executed, with 0 successes and 1 failures.
Fri Mar 17 10:46:04 2023 - INFO  - start to run testcase:oe_test_audit_user_build_connection.
Fri Mar 17 10:47:23 2023 - ERROR - The case exit by code 2.
Fri Mar 17 10:47:34 2023 - INFO  - End to run testcase:oe_test_audit_user_build_connection.
Fri Mar 17 10:47:35 2023 - INFO  - A total of 1 use cases were executed, with 0 successes and 1 failures.
Fri Mar 17 10:47:39 2023 - INFO  - start to run testcase:oe_test_audit_max_log_file_rotate.
Fri Mar 17 10:49:07 2023 - ERROR - The case exit by code 1.
Fri Mar 17 10:49:18 2023 - INFO  - End to run testcase:oe_test_audit_max_log_file_rotate.
Fri Mar 17 10:49:18 2023 - INFO  - A total of 1 use cases were executed, with 0 successes and 1 failures.
Fri Mar 17 10:49:22 2023 - INFO  - start to run testcase:oe_test_audit_max_log_file_ignore.
Fri Mar 17 11:02:39 2023 - ERROR - The case exit by code 1.
Fri Mar 17 11:02:50 2023 - INFO  - End to run testcase:oe_test_audit_max_log_file_ignore.
Fri Mar 17 11:02:51 2023 - INFO  - A total of 1 use cases were executed, with 0 successes and 1 failures.
Fri Mar 17 11:02:54 2023 - INFO  - start to run testcase:oe_test_audit_max_log_file_syslog.
Fri Mar 17 11:04:45 2023 - ERROR - The case exit by code 4.
Fri Mar 17 11:04:56 2023 - INFO  - End to run testcase:oe_test_audit_max_log_file_syslog.
Fri Mar 17 11:04:57 2023 - INFO  - A total of 1 use cases were executed, with 0 successes and 1 failures.
Fri Mar 17 11:05:01 2023 - INFO  - start to run testcase:oe_test_audit_max_log_file_suspend.
Fri Mar 17 11:06:48 2023 - ERROR - The case exit by code 3.
Fri Mar 17 11:06:59 2023 - INFO  - End to run testcase:oe_test_audit_max_log_file_suspend.
Fri Mar 17 11:06:59 2023 - INFO  - A total of 1 use cases were executed, with 0 successes and 1 failures.
Fri Mar 17 11:07:03 2023 - INFO  - start to run testcase:oe_test_audit_max_log_file_keep_logs.
Fri Mar 17 11:08:30 2023 - ERROR - The case exit by code 1.
Fri Mar 17 11:08:41 2023 - INFO  - End to run testcase:oe_test_audit_max_log_file_keep_logs.
Fri Mar 17 11:08:41 2023 - INFO  - A total of 1 use cases were executed, with 0 successes and 1 failures.
Fri Mar 17 11:08:45 2023 - INFO  - start to run testcase:oe_test_audit_available_disk_space.
Fri Mar 17 11:13:15 2023 - ERROR - The case exit by code 35.
Fri Mar 17 11:13:26 2023 - INFO  - End to run testcase:oe_test_audit_available_disk_space.
Fri Mar 17 11:13:27 2023 - INFO  - A total of 1 use cases were executed, with 0 successes and 1 failures.
Fri Mar 17 11:13:30 2023 - INFO  - start to run testcase:oe_test_inject_time_fault.
Fri Mar 17 11:15:16 2023 - ERROR - The case exit by code 1.
Fri Mar 17 11:15:27 2023 - INFO  - End to run testcase:oe_test_inject_time_fault.
Fri Mar 17 11:15:27 2023 - INFO  - A total of 1 use cases were executed, with 0 successes and 1 failures.
Fri Mar 17 11:15:31 2023 - INFO  - start to run testcase:oe_test_service_auditd.
Fri Mar 17 11:17:34 2023 - ERROR - The case exit by code 8.
Fri Mar 17 11:17:45 2023 - INFO  - End to run testcase:oe_test_service_auditd.
Fri Mar 17 11:17:45 2023 - INFO  - A total of 1 use cases were executed, with 0 successes and 1 failures.
Fri Mar 17 11:17:49 2023 - INFO  - start to run testcase:oe_test_audit_event_log.
Fri Mar 17 11:17:59 2023 - ERROR - The case exit by code 2.
Fri Mar 17 11:18:09 2023 - INFO  - End to run testcase:oe_test_audit_event_log.
Fri Mar 17 11:18:10 2023 - INFO  - A total of 1 use cases were executed, with 0 successes and 1 failures.
Fri Mar 17 11:18:14 2023 - INFO  - start to run testcase:oe_test_audit_other.
Fri Mar 17 11:20:02 2023 - ERROR - The case exit by code 8.
Fri Mar 17 11:20:13 2023 - INFO  - End to run testcase:oe_test_audit_other.
Fri Mar 17 11:20:14 2023 - INFO  - A total of 1 use cases were executed, with 0 successes and 1 failures.
Fri Mar 17 11:20:17 2023 - INFO  - start to run testcase:oe_test_start_audit.
Fri Mar 17 11:20:28 2023 - ERROR - The case exit by code 4.
Fri Mar 17 11:20:39 2023 - INFO  - End to run testcase:oe_test_start_audit.
Fri Mar 17 11:20:39 2023 - INFO  - A total of 1 use cases were executed, with 0 successes and 1 failures.
