Sat Mar 18 00:27:49 2023 - INFO  - start to run testcase:oe_test_capinfos.
Sat Mar 18 00:53:07 2023 - INFO  - The case exit by code 0.
Sat Mar 18 00:53:18 2023 - INFO  - End to run testcase:oe_test_capinfos.
Sat Mar 18 00:53:19 2023 - INFO  - A total of 1 use cases were executed, with 1 successes and 0 failures.
Sat Mar 18 00:53:22 2023 - INFO  - start to run testcase:oe_test_captype.
Sat Mar 18 01:23:24 2023 - WARN  - The case execution timeout.
Sat Mar 18 01:23:24 2023 - ERROR - The case exit by code 143.
Sat Mar 18 01:23:35 2023 - INFO  - End to run testcase:oe_test_captype.
Sat Mar 18 01:23:35 2023 - INFO  - A total of 1 use cases were executed, with 0 successes and 1 failures.
Sat Mar 18 01:23:39 2023 - INFO  - start to run testcase:oe_test_dumpcap_01.
Sat Mar 18 01:53:41 2023 - WARN  - The case execution timeout.
Sat Mar 18 01:53:41 2023 - ERROR - The case exit by code 143.
Sat Mar 18 01:53:52 2023 - INFO  - End to run testcase:oe_test_dumpcap_01.
Sat Mar 18 01:53:52 2023 - INFO  - A total of 1 use cases were executed, with 0 successes and 1 failures.
Sat Mar 18 01:53:56 2023 - INFO  - start to run testcase:oe_test_dumpcap_02.
Sat Mar 18 02:23:58 2023 - WARN  - The case execution timeout.
Sat Mar 18 02:23:58 2023 - ERROR - The case exit by code 143.
Sat Mar 18 02:24:09 2023 - INFO  - End to run testcase:oe_test_dumpcap_02.
Sat Mar 18 02:24:10 2023 - INFO  - A total of 1 use cases were executed, with 0 successes and 1 failures.
Sat Mar 18 02:24:14 2023 - INFO  - start to run testcase:oe_test_editcap_01.
Sat Mar 18 02:54:15 2023 - WARN  - The case execution timeout.
Sat Mar 18 02:54:16 2023 - ERROR - The case exit by code 143.
Sat Mar 18 02:54:26 2023 - INFO  - End to run testcase:oe_test_editcap_01.
Sat Mar 18 02:54:27 2023 - INFO  - A total of 1 use cases were executed, with 0 successes and 1 failures.
Sat Mar 18 02:54:31 2023 - INFO  - start to run testcase:oe_test_editcap_02.
Sat Mar 18 03:24:32 2023 - WARN  - The case execution timeout.
Sat Mar 18 03:24:33 2023 - ERROR - The case exit by code 143.
Sat Mar 18 03:24:44 2023 - INFO  - End to run testcase:oe_test_editcap_02.
Sat Mar 18 03:24:44 2023 - INFO  - A total of 1 use cases were executed, with 0 successes and 1 failures.
Sat Mar 18 03:24:48 2023 - INFO  - start to run testcase:oe_test_mergecap.
Sat Mar 18 03:54:49 2023 - WARN  - The case execution timeout.
Sat Mar 18 03:54:50 2023 - ERROR - The case exit by code 143.
Sat Mar 18 03:55:01 2023 - INFO  - End to run testcase:oe_test_mergecap.
Sat Mar 18 03:55:01 2023 - INFO  - A total of 1 use cases were executed, with 0 successes and 1 failures.
Sat Mar 18 03:55:05 2023 - INFO  - start to run testcase:oe_test_randpkt-reordercap.
Sat Mar 18 03:55:17 2023 - INFO  - The case exit by code 0.
Sat Mar 18 03:55:28 2023 - INFO  - End to run testcase:oe_test_randpkt-reordercap.
Sat Mar 18 03:55:28 2023 - INFO  - A total of 1 use cases were executed, with 1 successes and 0 failures.
Sat Mar 18 03:55:31 2023 - INFO  - start to run testcase:oe_test_text2pcap.
Sat Mar 18 03:55:46 2023 - INFO  - The case exit by code 0.
Sat Mar 18 03:55:56 2023 - INFO  - End to run testcase:oe_test_text2pcap.
Sat Mar 18 03:55:57 2023 - INFO  - A total of 1 use cases were executed, with 1 successes and 0 failures.
Sat Mar 18 03:56:00 2023 - INFO  - start to run testcase:oe_test_tshark_01.
Sat Mar 18 03:56:53 2023 - ERROR - The case exit by code 9.
Sat Mar 18 03:57:04 2023 - INFO  - End to run testcase:oe_test_tshark_01.
Sat Mar 18 03:57:04 2023 - INFO  - A total of 1 use cases were executed, with 0 successes and 1 failures.
Sat Mar 18 03:57:08 2023 - INFO  - start to run testcase:oe_test_tshark_02.
Sat Mar 18 03:58:24 2023 - ERROR - The case exit by code 16.
Sat Mar 18 03:58:34 2023 - INFO  - End to run testcase:oe_test_tshark_02.
Sat Mar 18 03:58:35 2023 - INFO  - A total of 1 use cases were executed, with 0 successes and 1 failures.
Sat Mar 18 03:58:39 2023 - INFO  - start to run testcase:oe_test_tshark_03.
Sat Mar 18 03:59:16 2023 - ERROR - The case exit by code 10.
Sat Mar 18 03:59:27 2023 - INFO  - End to run testcase:oe_test_tshark_03.
Sat Mar 18 03:59:27 2023 - INFO  - A total of 1 use cases were executed, with 0 successes and 1 failures.
