Fri Mar 17 13:09:01 2023 - INFO  - start to run testcase:oe_test_easymock_junit4.
Fri Mar 17 13:19:06 2023 - ERROR - The case exit by code 1.
Fri Mar 17 13:19:17 2023 - INFO  - End to run testcase:oe_test_easymock_junit4.
Fri Mar 17 13:19:17 2023 - INFO  - A total of 1 use cases were executed, with 0 successes and 1 failures.
Fri Mar 17 13:19:21 2023 - INFO  - start to run testcase:oe_test_easymock_order_abnormal.
Fri Mar 17 13:19:38 2023 - ERROR - The case exit by code 2.
Fri Mar 17 13:19:48 2023 - INFO  - End to run testcase:oe_test_easymock_order_abnormal.
Fri Mar 17 13:19:49 2023 - INFO  - A total of 1 use cases were executed, with 0 successes and 1 failures.
Fri Mar 17 13:19:53 2023 - INFO  - start to run testcase:oe_test_easymock_set_parms.
Fri Mar 17 13:20:10 2023 - ERROR - The case exit by code 2.
Fri Mar 17 13:20:20 2023 - INFO  - End to run testcase:oe_test_easymock_set_parms.
Fri Mar 17 13:20:21 2023 - INFO  - A total of 1 use cases were executed, with 0 successes and 1 failures.
Fri Mar 17 13:20:25 2023 - INFO  - start to run testcase:oe_test_easymock_spring.
Fri Mar 17 13:20:45 2023 - ERROR - The case exit by code 2.
Fri Mar 17 13:20:55 2023 - INFO  - End to run testcase:oe_test_easymock_spring.
Fri Mar 17 13:20:56 2023 - INFO  - A total of 1 use cases were executed, with 0 successes and 1 failures.
Fri Mar 17 13:21:00 2023 - INFO  - start to run testcase:oe_test_easymock_createNiceMock.
Fri Mar 17 13:21:16 2023 - ERROR - The case exit by code 2.
Fri Mar 17 13:21:27 2023 - INFO  - End to run testcase:oe_test_easymock_createNiceMock.
Fri Mar 17 13:21:27 2023 - INFO  - A total of 1 use cases were executed, with 0 successes and 1 failures.
Fri Mar 17 13:21:31 2023 - INFO  - start to run testcase:oe_test_easymock_junit5.
Fri Mar 17 13:21:46 2023 - ERROR - The case exit by code 1.
Fri Mar 17 13:21:57 2023 - INFO  - End to run testcase:oe_test_easymock_junit5.
Fri Mar 17 13:21:57 2023 - INFO  - A total of 1 use cases were executed, with 0 successes and 1 failures.
Fri Mar 17 13:22:01 2023 - INFO  - start to run testcase:oe_test_easymock_parms_abnormal.
Fri Mar 17 13:22:16 2023 - ERROR - The case exit by code 2.
Fri Mar 17 13:22:27 2023 - INFO  - End to run testcase:oe_test_easymock_parms_abnormal.
Fri Mar 17 13:22:28 2023 - INFO  - A total of 1 use cases were executed, with 0 successes and 1 failures.
Fri Mar 17 13:22:31 2023 - INFO  - start to run testcase:oe_test_easymock_simulate_interface.
Fri Mar 17 13:22:48 2023 - ERROR - The case exit by code 2.
Fri Mar 17 13:22:59 2023 - INFO  - End to run testcase:oe_test_easymock_simulate_interface.
Fri Mar 17 13:23:00 2023 - INFO  - A total of 1 use cases were executed, with 0 successes and 1 failures.
Fri Mar 17 13:23:04 2023 - INFO  - start to run testcase:oe_test_easymock_frequency_abnormal.
Fri Mar 17 13:23:20 2023 - ERROR - The case exit by code 2.
Fri Mar 17 13:23:31 2023 - INFO  - End to run testcase:oe_test_easymock_frequency_abnormal.
Fri Mar 17 13:23:31 2023 - INFO  - A total of 1 use cases were executed, with 0 successes and 1 failures.
Fri Mar 17 13:23:35 2023 - INFO  - start to run testcase:oe_test_easymock_mock_abnormal.
Fri Mar 17 13:23:52 2023 - ERROR - The case exit by code 2.
Fri Mar 17 13:24:02 2023 - INFO  - End to run testcase:oe_test_easymock_mock_abnormal.
Fri Mar 17 13:24:03 2023 - INFO  - A total of 1 use cases were executed, with 0 successes and 1 failures.
Fri Mar 17 13:24:07 2023 - INFO  - start to run testcase:oe_test_easymock_parms_match.
Fri Mar 17 13:24:24 2023 - ERROR - The case exit by code 2.
Fri Mar 17 13:24:34 2023 - INFO  - End to run testcase:oe_test_easymock_parms_match.
Fri Mar 17 13:24:35 2023 - INFO  - A total of 1 use cases were executed, with 0 successes and 1 failures.
Fri Mar 17 13:24:39 2023 - INFO  - start to run testcase:oe_test_easymock_simulate_object.
Fri Mar 17 13:24:58 2023 - ERROR - The case exit by code 2.
Fri Mar 17 13:25:09 2023 - INFO  - End to run testcase:oe_test_easymock_simulate_object.
Fri Mar 17 13:25:10 2023 - INFO  - A total of 1 use cases were executed, with 0 successes and 1 failures.
