Fri Mar 10 11:12:08 2023 - INFO  - start to run testcase:oe_test_osc_01.
Fri Mar 10 11:12:25 2023 - ERROR - The case exit by code 7.
Fri Mar 10 11:12:36 2023 - INFO  - End to run testcase:oe_test_osc_01.
Fri Mar 10 11:12:36 2023 - INFO  - A total of 1 use cases were executed, with 0 successes and 1 failures.
Fri Mar 10 11:12:40 2023 - INFO  - start to run testcase:oe_test_osc_02.
Fri Mar 10 11:12:51 2023 - ERROR - The case exit by code 1.
Fri Mar 10 11:13:02 2023 - INFO  - End to run testcase:oe_test_osc_02.
Fri Mar 10 11:13:02 2023 - INFO  - A total of 1 use cases were executed, with 0 successes and 1 failures.
Fri Mar 10 11:13:06 2023 - INFO  - start to run testcase:oe_test_osc_03.
Fri Mar 10 11:13:16 2023 - ERROR - The case exit by code 1.
Fri Mar 10 11:13:27 2023 - INFO  - End to run testcase:oe_test_osc_03.
Fri Mar 10 11:13:27 2023 - INFO  - A total of 1 use cases were executed, with 0 successes and 1 failures.
Fri Mar 10 11:13:31 2023 - INFO  - start to run testcase:oe_test_osc_04.
Fri Mar 10 11:13:41 2023 - ERROR - The case exit by code 1.
Fri Mar 10 11:13:52 2023 - INFO  - End to run testcase:oe_test_osc_04.
Fri Mar 10 11:13:52 2023 - INFO  - A total of 1 use cases were executed, with 0 successes and 1 failures.
Fri Mar 10 11:13:56 2023 - INFO  - start to run testcase:oe_test_osc_05.
Fri Mar 10 11:14:06 2023 - ERROR - The case exit by code 1.
Fri Mar 10 11:14:17 2023 - INFO  - End to run testcase:oe_test_osc_05.
Fri Mar 10 11:14:17 2023 - INFO  - A total of 1 use cases were executed, with 0 successes and 1 failures.
Fri Mar 10 11:14:21 2023 - INFO  - start to run testcase:oe_test_osc_06.
Fri Mar 10 11:14:31 2023 - ERROR - The case exit by code 1.
Fri Mar 10 11:14:42 2023 - INFO  - End to run testcase:oe_test_osc_06.
Fri Mar 10 11:14:42 2023 - INFO  - A total of 1 use cases were executed, with 0 successes and 1 failures.
Fri Mar 10 11:14:46 2023 - INFO  - start to run testcase:oe_test_osc_07.
Fri Mar 10 11:14:56 2023 - ERROR - The case exit by code 1.
Fri Mar 10 11:15:07 2023 - INFO  - End to run testcase:oe_test_osc_07.
Fri Mar 10 11:15:07 2023 - INFO  - A total of 1 use cases were executed, with 0 successes and 1 failures.
Fri Mar 10 11:15:11 2023 - INFO  - start to run testcase:oe_test_osc_build.
Fri Mar 10 11:15:23 2023 - ERROR - The case exit by code 1.
Fri Mar 10 11:15:33 2023 - INFO  - End to run testcase:oe_test_osc_build.
Fri Mar 10 11:15:34 2023 - INFO  - A total of 1 use cases were executed, with 0 successes and 1 failures.
