Fri Mar 17 18:40:04 2023 - INFO  - start to run testcase:oe_test_service_openvswitch.
Fri Mar 17 18:43:32 2023 - ERROR - The case exit by code 6.
Fri Mar 17 18:43:42 2023 - INFO  - End to run testcase:oe_test_service_openvswitch.
Fri Mar 17 18:43:43 2023 - INFO  - A total of 1 use cases were executed, with 0 successes and 1 failures.
Fri Mar 17 18:43:47 2023 - INFO  - start to run testcase:oe_test_service_ovsdb-server.
Fri Mar 17 18:47:09 2023 - ERROR - The case exit by code 6.
Fri Mar 17 18:47:20 2023 - INFO  - End to run testcase:oe_test_service_ovsdb-server.
Fri Mar 17 18:47:21 2023 - INFO  - A total of 1 use cases were executed, with 0 successes and 1 failures.
Fri Mar 17 18:47:25 2023 - INFO  - start to run testcase:oe_test_service_ovs-vswitchd.
Fri Mar 17 18:50:48 2023 - ERROR - The case exit by code 6.
Fri Mar 17 18:50:59 2023 - INFO  - End to run testcase:oe_test_service_ovs-vswitchd.
Fri Mar 17 18:50:59 2023 - INFO  - A total of 1 use cases were executed, with 0 successes and 1 failures.
Fri Mar 17 18:51:03 2023 - INFO  - start to run testcase:oe_test_service_ovn-controller.
Fri Mar 17 18:53:32 2023 - ERROR - The case exit by code 5.
Fri Mar 17 18:53:43 2023 - INFO  - End to run testcase:oe_test_service_ovn-controller.
Fri Mar 17 18:53:43 2023 - INFO  - A total of 1 use cases were executed, with 0 successes and 1 failures.
Fri Mar 17 18:53:47 2023 - INFO  - start to run testcase:oe_test_service_ovn-northd.
Fri Mar 17 18:56:29 2023 - ERROR - The case exit by code 5.
Fri Mar 17 18:56:39 2023 - INFO  - End to run testcase:oe_test_service_ovn-northd.
Fri Mar 17 18:56:40 2023 - INFO  - A total of 1 use cases were executed, with 0 successes and 1 failures.
Fri Mar 17 18:56:44 2023 - INFO  - start to run testcase:oe_test_service_ovn-controller-vtep.
Fri Mar 17 18:58:49 2023 - ERROR - The case exit by code 5.
Fri Mar 17 18:59:00 2023 - INFO  - End to run testcase:oe_test_service_ovn-controller-vtep.
Fri Mar 17 18:59:01 2023 - INFO  - A total of 1 use cases were executed, with 0 successes and 1 failures.
Fri Mar 17 18:59:04 2023 - INFO  - start to run testcase:oe_test_service_openvswitch-ipsec.
Fri Mar 17 19:01:31 2023 - ERROR - The case exit by code 5.
Fri Mar 17 19:01:41 2023 - INFO  - End to run testcase:oe_test_service_openvswitch-ipsec.
Fri Mar 17 19:01:42 2023 - INFO  - A total of 1 use cases were executed, with 0 successes and 1 failures.
